{"/Users/teodorwaltervido/Desktop/service/src/api/admin.ts": {"path":"/Users/teodorwaltervido/Desktop/service/src/api/admin.ts","statementMap":{"0":{"start":{"line":25,"column":17},"end":{"line":25,"column":25}},"1":{"start":{"line":26,"column":69},"end":{"line":26,"column":73}},"2":{"start":{"line":31,"column":2},"end":{"line":37,"column":5}},"3":{"start":{"line":32,"column":4},"end":{"line":36,"column":7}},"4":{"start":{"line":40,"column":2},"end":{"line":66,"column":5}},"5":{"start":{"line":41,"column":23},"end":{"line":41,"column":76}},"6":{"start":{"line":42,"column":25},"end":{"line":42,"column":51}},"7":{"start":{"line":43,"column":27},"end":{"line":43,"column":52}},"8":{"start":{"line":44,"column":4},"end":{"line":65,"column":7}},"9":{"start":{"line":54,"column":43},"end":{"line":59,"column":8}},"10":{"start":{"line":60,"column":47},"end":{"line":64,"column":8}},"11":{"start":{"line":71,"column":2},"end":{"line":73,"column":5}},"12":{"start":{"line":72,"column":4},"end":{"line":72,"column":35}},"13":{"start":{"line":78,"column":2},"end":{"line":86,"column":5}},"14":{"start":{"line":79,"column":23},"end":{"line":79,"column":83}},"15":{"start":{"line":80,"column":18},"end":{"line":80,"column":48}},"16":{"start":{"line":81,"column":19},"end":{"line":81,"column":86}},"17":{"start":{"line":82,"column":19},"end":{"line":82,"column":46}},"18":{"start":{"line":84,"column":26},"end":{"line":84,"column":77}},"19":{"start":{"line":85,"column":4},"end":{"line":85,"column":28}},"20":{"start":{"line":89,"column":2},"end":{"line":97,"column":5}},"21":{"start":{"line":90,"column":15},"end":{"line":90,"column":36}},"22":{"start":{"line":91,"column":20},"end":{"line":91,"column":38}},"23":{"start":{"line":92,"column":4},"end":{"line":96,"column":5}},"24":{"start":{"line":93,"column":6},"end":{"line":93,"column":38}},"25":{"start":{"line":95,"column":6},"end":{"line":95,"column":64}},"26":{"start":{"line":102,"column":2},"end":{"line":105,"column":5}},"27":{"start":{"line":103,"column":18},"end":{"line":103,"column":50}},"28":{"start":{"line":104,"column":4},"end":{"line":104,"column":20}},"29":{"start":{"line":110,"column":2},"end":{"line":113,"column":5}},"30":{"start":{"line":111,"column":25},"end":{"line":111,"column":51}},"31":{"start":{"line":112,"column":4},"end":{"line":112,"column":27}},"32":{"start":{"line":116,"column":2},"end":{"line":160,"column":5}},"33":{"start":{"line":117,"column":35},"end":{"line":117,"column":null}},"34":{"start":{"line":123,"column":4},"end":{"line":126,"column":5}},"35":{"start":{"line":124,"column":6},"end":{"line":124,"column":68}},"36":{"start":{"line":125,"column":6},"end":{"line":125,"column":13}},"37":{"start":{"line":129,"column":22},"end":{"line":129,"column":54}},"38":{"start":{"line":130,"column":21},"end":{"line":130,"column":57}},"39":{"start":{"line":130,"column":41},"end":{"line":130,"column":56}},"40":{"start":{"line":131,"column":4},"end":{"line":137,"column":5}},"41":{"start":{"line":132,"column":6},"end":{"line":135,"column":9}},"42":{"start":{"line":136,"column":6},"end":{"line":136,"column":13}},"43":{"start":{"line":140,"column":28},"end":{"line":140,"column":40}},"44":{"start":{"line":141,"column":23},"end":{"line":141,"column":88}},"45":{"start":{"line":142,"column":4},"end":{"line":148,"column":5}},"46":{"start":{"line":143,"column":6},"end":{"line":146,"column":9}},"47":{"start":{"line":147,"column":6},"end":{"line":147,"column":13}},"48":{"start":{"line":150,"column":15},"end":{"line":150,"column":27}},"49":{"start":{"line":152,"column":4},"end":{"line":159,"column":5}},"50":{"start":{"line":153,"column":6},"end":{"line":153,"column":70}},"51":{"start":{"line":154,"column":6},"end":{"line":154,"column":65}},"52":{"start":{"line":156,"column":6},"end":{"line":158,"column":9}},"53":{"start":{"line":163,"column":2},"end":{"line":173,"column":5}},"54":{"start":{"line":164,"column":15},"end":{"line":164,"column":36}},"55":{"start":{"line":165,"column":4},"end":{"line":172,"column":5}},"56":{"start":{"line":166,"column":6},"end":{"line":166,"column":43}},"57":{"start":{"line":167,"column":6},"end":{"line":167,"column":38}},"58":{"start":{"line":169,"column":6},"end":{"line":171,"column":9}},"59":{"start":{"line":176,"column":2},"end":{"line":186,"column":5}},"60":{"start":{"line":177,"column":15},"end":{"line":177,"column":36}},"61":{"start":{"line":178,"column":4},"end":{"line":185,"column":5}},"62":{"start":{"line":179,"column":6},"end":{"line":179,"column":43}},"63":{"start":{"line":180,"column":6},"end":{"line":180,"column":56}},"64":{"start":{"line":182,"column":6},"end":{"line":184,"column":9}},"65":{"start":{"line":189,"column":2},"end":{"line":199,"column":5}},"66":{"start":{"line":190,"column":15},"end":{"line":190,"column":36}},"67":{"start":{"line":191,"column":4},"end":{"line":198,"column":5}},"68":{"start":{"line":192,"column":6},"end":{"line":192,"column":44}},"69":{"start":{"line":193,"column":6},"end":{"line":193,"column":58}},"70":{"start":{"line":195,"column":6},"end":{"line":197,"column":9}},"71":{"start":{"line":204,"column":2},"end":{"line":232,"column":5}},"72":{"start":{"line":205,"column":26},"end":{"line":205,"column":58}},"73":{"start":{"line":206,"column":17},"end":{"line":206,"column":52}},"74":{"start":{"line":209,"column":20},"end":{"line":209,"column":54}},"75":{"start":{"line":210,"column":4},"end":{"line":214,"column":5}},"76":{"start":{"line":211,"column":6},"end":{"line":211,"column":50}},"77":{"start":{"line":212,"column":6},"end":{"line":212,"column":41}},"78":{"start":{"line":213,"column":6},"end":{"line":213,"column":13}},"79":{"start":{"line":217,"column":4},"end":{"line":217,"column":114}},"80":{"start":{"line":219,"column":37},"end":{"line":227,"column":6}},"81":{"start":{"line":229,"column":19},"end":{"line":229,"column":38}},"82":{"start":{"line":230,"column":4},"end":{"line":230,"column":37}},"83":{"start":{"line":231,"column":4},"end":{"line":231,"column":33}},"84":{"start":{"line":237,"column":2},"end":{"line":239,"column":5}},"85":{"start":{"line":238,"column":4},"end":{"line":238,"column":40}},"86":{"start":{"line":242,"column":2},"end":{"line":269,"column":5}},"87":{"start":{"line":243,"column":4},"end":{"line":246,"column":5}},"88":{"start":{"line":244,"column":6},"end":{"line":244,"column":63}},"89":{"start":{"line":245,"column":6},"end":{"line":245,"column":13}},"90":{"start":{"line":247,"column":45},"end":{"line":247,"column":null}},"91":{"start":{"line":253,"column":4},"end":{"line":256,"column":5}},"92":{"start":{"line":254,"column":6},"end":{"line":254,"column":71}},"93":{"start":{"line":255,"column":6},"end":{"line":255,"column":13}},"94":{"start":{"line":258,"column":17},"end":{"line":258,"column":54}},"95":{"start":{"line":259,"column":15},"end":{"line":259,"column":27}},"96":{"start":{"line":261,"column":4},"end":{"line":268,"column":5}},"97":{"start":{"line":262,"column":6},"end":{"line":262,"column":65}},"98":{"start":{"line":263,"column":29},"end":{"line":263,"column":76}},"99":{"start":{"line":264,"column":6},"end":{"line":264,"column":53}},"100":{"start":{"line":266,"column":6},"end":{"line":266,"column":64}},"101":{"start":{"line":267,"column":6},"end":{"line":267,"column":94}},"102":{"start":{"line":272,"column":2},"end":{"line":285,"column":5}},"103":{"start":{"line":273,"column":4},"end":{"line":276,"column":5}},"104":{"start":{"line":274,"column":6},"end":{"line":274,"column":63}},"105":{"start":{"line":275,"column":6},"end":{"line":275,"column":13}},"106":{"start":{"line":277,"column":15},"end":{"line":277,"column":36}},"107":{"start":{"line":278,"column":4},"end":{"line":284,"column":5}},"108":{"start":{"line":279,"column":6},"end":{"line":279,"column":36}},"109":{"start":{"line":280,"column":6},"end":{"line":280,"column":36}},"110":{"start":{"line":281,"column":6},"end":{"line":281,"column":38}},"111":{"start":{"line":283,"column":6},"end":{"line":283,"column":94}},"112":{"start":{"line":287,"column":2},"end":{"line":287,"column":16}}},"fnMap":{"0":{"name":"createAdminRouter","decl":{"start":{"line":17,"column":16},"end":{"line":17,"column":33}},"loc":{"start":{"line":24,"column":1},"end":{"line":288,"column":1}}},"1":{"name":"(anonymous_1)","decl":{"start":{"line":31,"column":24},"end":{"line":31,"column":25}},"loc":{"start":{"line":31,"column":57},"end":{"line":37,"column":3}}},"2":{"name":"(anonymous_2)","decl":{"start":{"line":40,"column":28},"end":{"line":40,"column":29}},"loc":{"start":{"line":40,"column":61},"end":{"line":66,"column":3}}},"3":{"name":"(anonymous_3)","decl":{"start":{"line":54,"column":37},"end":{"line":54,"column":38}},"loc":{"start":{"line":54,"column":43},"end":{"line":59,"column":8}}},"4":{"name":"(anonymous_4)","decl":{"start":{"line":60,"column":41},"end":{"line":60,"column":42}},"loc":{"start":{"line":60,"column":47},"end":{"line":64,"column":8}}},"5":{"name":"(anonymous_5)","decl":{"start":{"line":71,"column":24},"end":{"line":71,"column":25}},"loc":{"start":{"line":71,"column":56},"end":{"line":73,"column":3}}},"6":{"name":"(anonymous_6)","decl":{"start":{"line":78,"column":35},"end":{"line":78,"column":36}},"loc":{"start":{"line":78,"column":67},"end":{"line":86,"column":3}}},"7":{"name":"(anonymous_7)","decl":{"start":{"line":89,"column":46},"end":{"line":89,"column":47}},"loc":{"start":{"line":89,"column":78},"end":{"line":97,"column":3}}},"8":{"name":"(anonymous_8)","decl":{"start":{"line":102,"column":40},"end":{"line":102,"column":41}},"loc":{"start":{"line":102,"column":73},"end":{"line":105,"column":3}}},"9":{"name":"(anonymous_9)","decl":{"start":{"line":110,"column":34},"end":{"line":110,"column":35}},"loc":{"start":{"line":110,"column":67},"end":{"line":113,"column":3}}},"10":{"name":"(anonymous_10)","decl":{"start":{"line":116,"column":35},"end":{"line":116,"column":40}},"loc":{"start":{"line":116,"column":73},"end":{"line":160,"column":3}}},"11":{"name":"(anonymous_11)","decl":{"start":{"line":130,"column":36},"end":{"line":130,"column":37}},"loc":{"start":{"line":130,"column":41},"end":{"line":130,"column":56}}},"12":{"name":"(anonymous_12)","decl":{"start":{"line":163,"column":41},"end":{"line":163,"column":46}},"loc":{"start":{"line":163,"column":79},"end":{"line":173,"column":3}}},"13":{"name":"(anonymous_13)","decl":{"start":{"line":176,"column":46},"end":{"line":176,"column":51}},"loc":{"start":{"line":176,"column":84},"end":{"line":186,"column":3}}},"14":{"name":"(anonymous_14)","decl":{"start":{"line":189,"column":47},"end":{"line":189,"column":52}},"loc":{"start":{"line":189,"column":85},"end":{"line":199,"column":3}}},"15":{"name":"(anonymous_15)","decl":{"start":{"line":204,"column":42},"end":{"line":204,"column":43}},"loc":{"start":{"line":204,"column":74},"end":{"line":232,"column":3}}},"16":{"name":"(anonymous_16)","decl":{"start":{"line":237,"column":37},"end":{"line":237,"column":38}},"loc":{"start":{"line":237,"column":70},"end":{"line":239,"column":3}}},"17":{"name":"(anonymous_17)","decl":{"start":{"line":242,"column":38},"end":{"line":242,"column":43}},"loc":{"start":{"line":242,"column":76},"end":{"line":269,"column":3}}},"18":{"name":"(anonymous_18)","decl":{"start":{"line":272,"column":44},"end":{"line":272,"column":49}},"loc":{"start":{"line":272,"column":82},"end":{"line":285,"column":3}}}},"branchMap":{"0":{"loc":{"start":{"line":52,"column":21},"end":{"line":52,"column":52}},"type":"cond-expr","locations":[{"start":{"line":52,"column":27},"end":{"line":52,"column":48}},{"start":{"line":52,"column":51},"end":{"line":52,"column":52}}]},"1":{"loc":{"start":{"line":79,"column":23},"end":{"line":79,"column":83}},"type":"cond-expr","locations":[{"start":{"line":79,"column":61},"end":{"line":79,"column":76}},{"start":{"line":79,"column":79},"end":{"line":79,"column":83}}]},"2":{"loc":{"start":{"line":80,"column":18},"end":{"line":80,"column":48}},"type":"binary-expr","locations":[{"start":{"line":80,"column":18},"end":{"line":80,"column":42}},{"start":{"line":80,"column":46},"end":{"line":80,"column":48}}]},"3":{"loc":{"start":{"line":81,"column":19},"end":{"line":81,"column":86}},"type":"cond-expr","locations":[{"start":{"line":81,"column":58},"end":{"line":81,"column":74}},{"start":{"line":81,"column":77},"end":{"line":81,"column":86}}]},"4":{"loc":{"start":{"line":84,"column":57},"end":{"line":84,"column":76}},"type":"binary-expr","locations":[{"start":{"line":84,"column":57},"end":{"line":84,"column":63}},{"start":{"line":84,"column":67},"end":{"line":84,"column":76}}]},"5":{"loc":{"start":{"line":92,"column":4},"end":{"line":96,"column":5}},"type":"if","locations":[{"start":{"line":92,"column":4},"end":{"line":96,"column":5}},{"start":{"line":94,"column":11},"end":{"line":96,"column":5}}]},"6":{"loc":{"start":{"line":123,"column":4},"end":{"line":126,"column":5}},"type":"if","locations":[{"start":{"line":123,"column":4},"end":{"line":126,"column":5}}]},"7":{"loc":{"start":{"line":123,"column":8},"end":{"line":123,"column":22}},"type":"binary-expr","locations":[{"start":{"line":123,"column":8},"end":{"line":123,"column":13}},{"start":{"line":123,"column":17},"end":{"line":123,"column":22}}]},"8":{"loc":{"start":{"line":131,"column":4},"end":{"line":137,"column":5}},"type":"if","locations":[{"start":{"line":131,"column":4},"end":{"line":137,"column":5}}]},"9":{"loc":{"start":{"line":140,"column":28},"end":{"line":140,"column":40}},"type":"binary-expr","locations":[{"start":{"line":140,"column":28},"end":{"line":140,"column":34}},{"start":{"line":140,"column":38},"end":{"line":140,"column":40}}]},"10":{"loc":{"start":{"line":142,"column":4},"end":{"line":148,"column":5}},"type":"if","locations":[{"start":{"line":142,"column":4},"end":{"line":148,"column":5}}]},"11":{"loc":{"start":{"line":157,"column":15},"end":{"line":157,"column":69}},"type":"cond-expr","locations":[{"start":{"line":157,"column":40},"end":{"line":157,"column":53}},{"start":{"line":157,"column":56},"end":{"line":157,"column":69}}]},"12":{"loc":{"start":{"line":170,"column":15},"end":{"line":170,"column":69}},"type":"cond-expr","locations":[{"start":{"line":170,"column":40},"end":{"line":170,"column":53}},{"start":{"line":170,"column":56},"end":{"line":170,"column":69}}]},"13":{"loc":{"start":{"line":183,"column":15},"end":{"line":183,"column":69}},"type":"cond-expr","locations":[{"start":{"line":183,"column":40},"end":{"line":183,"column":53}},{"start":{"line":183,"column":56},"end":{"line":183,"column":69}}]},"14":{"loc":{"start":{"line":196,"column":15},"end":{"line":196,"column":69}},"type":"cond-expr","locations":[{"start":{"line":196,"column":40},"end":{"line":196,"column":53}},{"start":{"line":196,"column":56},"end":{"line":196,"column":69}}]},"15":{"loc":{"start":{"line":210,"column":4},"end":{"line":214,"column":5}},"type":"if","locations":[{"start":{"line":210,"column":4},"end":{"line":214,"column":5}}]},"16":{"loc":{"start":{"line":210,"column":8},"end":{"line":210,"column":56}},"type":"binary-expr","locations":[{"start":{"line":210,"column":8},"end":{"line":210,"column":15}},{"start":{"line":210,"column":19},"end":{"line":210,"column":56}}]},"17":{"loc":{"start":{"line":222,"column":13},"end":{"line":222,"column":46}},"type":"binary-expr","locations":[{"start":{"line":222,"column":13},"end":{"line":222,"column":33}},{"start":{"line":222,"column":37},"end":{"line":222,"column":46}}]},"18":{"loc":{"start":{"line":223,"column":14},"end":{"line":223,"column":54}},"type":"binary-expr","locations":[{"start":{"line":223,"column":14},"end":{"line":223,"column":35}},{"start":{"line":223,"column":39},"end":{"line":223,"column":54}}]},"19":{"loc":{"start":{"line":224,"column":13},"end":{"line":224,"column":85}},"type":"binary-expr","locations":[{"start":{"line":224,"column":13},"end":{"line":224,"column":33}},{"start":{"line":224,"column":38},"end":{"line":224,"column":61}},{"start":{"line":224,"column":65},"end":{"line":224,"column":85}}]},"20":{"loc":{"start":{"line":243,"column":4},"end":{"line":246,"column":5}},"type":"if","locations":[{"start":{"line":243,"column":4},"end":{"line":246,"column":5}}]},"21":{"loc":{"start":{"line":253,"column":4},"end":{"line":256,"column":5}},"type":"if","locations":[{"start":{"line":253,"column":4},"end":{"line":256,"column":5}}]},"22":{"loc":{"start":{"line":253,"column":8},"end":{"line":253,"column":25}},"type":"binary-expr","locations":[{"start":{"line":253,"column":8},"end":{"line":253,"column":13}},{"start":{"line":253,"column":17},"end":{"line":253,"column":25}}]},"23":{"loc":{"start":{"line":258,"column":17},"end":{"line":258,"column":54}},"type":"cond-expr","locations":[{"start":{"line":258,"column":42},"end":{"line":258,"column":49}},{"start":{"line":258,"column":52},"end":{"line":258,"column":54}}]},"24":{"loc":{"start":{"line":267,"column":36},"end":{"line":267,"column":90}},"type":"cond-expr","locations":[{"start":{"line":267,"column":61},"end":{"line":267,"column":74}},{"start":{"line":267,"column":77},"end":{"line":267,"column":90}}]},"25":{"loc":{"start":{"line":273,"column":4},"end":{"line":276,"column":5}},"type":"if","locations":[{"start":{"line":273,"column":4},"end":{"line":276,"column":5}}]},"26":{"loc":{"start":{"line":283,"column":36},"end":{"line":283,"column":90}},"type":"cond-expr","locations":[{"start":{"line":283,"column":61},"end":{"line":283,"column":74}},{"start":{"line":283,"column":77},"end":{"line":283,"column":90}}]}},"s":{"0":23,"1":23,"2":23,"3":1,"4":23,"5":2,"6":2,"7":2,"8":2,"9":3,"10":0,"11":23,"12":1,"13":23,"14":5,"15":5,"16":5,"17":5,"18":5,"19":5,"20":23,"21":4,"22":4,"23":4,"24":2,"25":2,"26":23,"27":2,"28":2,"29":23,"30":3,"31":3,"32":23,"33":9,"34":9,"35":3,"36":3,"37":6,"38":6,"39":18,"40":6,"41":2,"42":2,"43":4,"44":4,"45":4,"46":0,"47":0,"48":4,"49":4,"50":4,"51":4,"52":0,"53":23,"54":2,"55":2,"56":2,"57":2,"58":0,"59":23,"60":2,"61":2,"62":2,"63":1,"64":1,"65":23,"66":3,"67":3,"68":3,"69":3,"70":0,"71":23,"72":7,"73":7,"74":7,"75":7,"76":0,"77":0,"78":0,"79":7,"80":7,"81":7,"82":7,"83":7,"84":23,"85":2,"86":23,"87":1,"88":0,"89":0,"90":1,"91":1,"92":1,"93":1,"94":0,"95":0,"96":0,"97":0,"98":0,"99":0,"100":0,"101":0,"102":23,"103":0,"104":0,"105":0,"106":0,"107":0,"108":0,"109":0,"110":0,"111":0,"112":23},"f":{"0":23,"1":1,"2":2,"3":3,"4":0,"5":1,"6":5,"7":4,"8":2,"9":3,"10":9,"11":18,"12":2,"13":2,"14":3,"15":7,"16":2,"17":1,"18":0},"b":{"0":[1,1],"1":[0,5],"2":[5,0],"3":[1,4],"4":[5,4],"5":[2,2],"6":[3],"7":[9,8],"8":[2],"9":[4,0],"10":[0],"11":[0,0],"12":[0,0],"13":[1,0],"14":[0,0],"15":[0],"16":[7,0],"17":[7,7],"18":[7,0],"19":[7,0,0],"20":[0],"21":[1],"22":[1,1],"23":[0,0],"24":[0,0],"25":[0],"26":[0,0]}}
,"/Users/teodorwaltervido/Desktop/service/src/daemon/manager.ts": {"path":"/Users/teodorwaltervido/Desktop/service/src/daemon/manager.ts","statementMap":{"0":{"start":{"line":7,"column":20},"end":{"line":7,"column":47}},"1":{"start":{"line":8,"column":17},"end":{"line":8,"column":49}},"2":{"start":{"line":9,"column":19},"end":{"line":9,"column":50}},"3":{"start":{"line":33,"column":4},"end":{"line":33,"column":20}},"4":{"start":{"line":38,"column":4},"end":{"line":38,"column":23}},"5":{"start":{"line":43,"column":4},"end":{"line":43,"column":48}},"6":{"start":{"line":44,"column":4},"end":{"line":44,"column":62}},"7":{"start":{"line":49,"column":4},"end":{"line":49,"column":37}},"8":{"start":{"line":50,"column":4},"end":{"line":50,"column":65}},"9":{"start":{"line":55,"column":4},"end":{"line":63,"column":5}},"10":{"start":{"line":56,"column":6},"end":{"line":56,"column":45}},"11":{"start":{"line":56,"column":33},"end":{"line":56,"column":45}},"12":{"start":{"line":57,"column":22},"end":{"line":57,"column":60}},"13":{"start":{"line":58,"column":18},"end":{"line":58,"column":39}},"14":{"start":{"line":59,"column":6},"end":{"line":59,"column":34}},"15":{"start":{"line":59,"column":22},"end":{"line":59,"column":34}},"16":{"start":{"line":60,"column":6},"end":{"line":60,"column":17}},"17":{"start":{"line":62,"column":6},"end":{"line":62,"column":18}},"18":{"start":{"line":68,"column":4},"end":{"line":73,"column":5}},"19":{"start":{"line":69,"column":6},"end":{"line":69,"column":27}},"20":{"start":{"line":70,"column":6},"end":{"line":70,"column":18}},"21":{"start":{"line":72,"column":6},"end":{"line":72,"column":19}},"22":{"start":{"line":78,"column":16},"end":{"line":78,"column":39}},"23":{"start":{"line":79,"column":4},"end":{"line":79,"column":59}},"24":{"start":{"line":79,"column":22},"end":{"line":79,"column":59}},"25":{"start":{"line":80,"column":20},"end":{"line":80,"column":55}},"26":{"start":{"line":81,"column":4},"end":{"line":85,"column":5}},"27":{"start":{"line":83,"column":6},"end":{"line":83,"column":32}},"28":{"start":{"line":84,"column":6},"end":{"line":84,"column":43}},"29":{"start":{"line":86,"column":4},"end":{"line":86,"column":34}},"30":{"start":{"line":91,"column":4},"end":{"line":97,"column":5}},"31":{"start":{"line":92,"column":6},"end":{"line":94,"column":7}},"32":{"start":{"line":93,"column":8},"end":{"line":93,"column":29}},"33":{"start":{"line":102,"column":29},"end":{"line":102,"column":54}},"34":{"start":{"line":103,"column":4},"end":{"line":105,"column":5}},"35":{"start":{"line":104,"column":6},"end":{"line":104,"column":75}},"36":{"start":{"line":107,"column":4},"end":{"line":116,"column":5}},"37":{"start":{"line":108,"column":6},"end":{"line":108,"column":35}},"38":{"start":{"line":109,"column":6},"end":{"line":109,"column":32}},"39":{"start":{"line":110,"column":6},"end":{"line":110,"column":80}},"40":{"start":{"line":112,"column":6},"end":{"line":115,"column":8}},"41":{"start":{"line":121,"column":25},"end":{"line":121,"column":46}},"42":{"start":{"line":122,"column":17},"end":{"line":122,"column":49}},"43":{"start":{"line":123,"column":18},"end":{"line":123,"column":59}},"44":{"start":{"line":124,"column":20},"end":{"line":124,"column":58}},"45":{"start":{"line":125,"column":20},"end":{"line":125,"column":37}},"46":{"start":{"line":127,"column":4},"end":{"line":127,"column":58}},"47":{"start":{"line":127,"column":18},"end":{"line":127,"column":58}},"48":{"start":{"line":128,"column":4},"end":{"line":128,"column":50}},"49":{"start":{"line":128,"column":19},"end":{"line":128,"column":50}},"50":{"start":{"line":129,"column":4},"end":{"line":129,"column":54}},"51":{"start":{"line":129,"column":21},"end":{"line":129,"column":54}},"52":{"start":{"line":130,"column":4},"end":{"line":130,"column":25}},"53":{"start":{"line":135,"column":29},"end":{"line":135,"column":54}},"54":{"start":{"line":136,"column":4},"end":{"line":138,"column":5}},"55":{"start":{"line":137,"column":6},"end":{"line":137,"column":86}},"56":{"start":{"line":145,"column":4},"end":{"line":157,"column":50}},"57":{"start":{"line":146,"column":23},"end":{"line":146,"column":56}},"58":{"start":{"line":147,"column":20},"end":{"line":147,"column":null}},"59":{"start":{"line":153,"column":6},"end":{"line":153,"column":34}},"60":{"start":{"line":154,"column":6},"end":{"line":154,"column":30}},"61":{"start":{"line":155,"column":6},"end":{"line":155,"column":30}},"62":{"start":{"line":156,"column":6},"end":{"line":156,"column":34}},"63":{"start":{"line":160,"column":4},"end":{"line":163,"column":5}},"64":{"start":{"line":161,"column":17},"end":{"line":161,"column":59}},"65":{"start":{"line":162,"column":6},"end":{"line":162,"column":46}},"66":{"start":{"line":169,"column":4},"end":{"line":183,"column":54}},"67":{"start":{"line":170,"column":19},"end":{"line":170,"column":36}},"68":{"start":{"line":171,"column":23},"end":{"line":174,"column":8}},"69":{"start":{"line":175,"column":19},"end":{"line":175,"column":null}},"70":{"start":{"line":180,"column":6},"end":{"line":180,"column":51}},"71":{"start":{"line":181,"column":6},"end":{"line":181,"column":41}},"72":{"start":{"line":182,"column":6},"end":{"line":182,"column":55}},"73":{"start":{"line":185,"column":4},"end":{"line":197,"column":6}}},"fnMap":{"0":{"name":"(anonymous_0)","decl":{"start":{"line":32,"column":2},"end":{"line":32,"column":8}},"loc":{"start":{"line":32,"column":20},"end":{"line":34,"column":3}}},"1":{"name":"(anonymous_1)","decl":{"start":{"line":37,"column":2},"end":{"line":37,"column":8}},"loc":{"start":{"line":37,"column":23},"end":{"line":39,"column":3}}},"2":{"name":"(anonymous_2)","decl":{"start":{"line":42,"column":2},"end":{"line":42,"column":8}},"loc":{"start":{"line":42,"column":25},"end":{"line":45,"column":3}}},"3":{"name":"(anonymous_3)","decl":{"start":{"line":48,"column":2},"end":{"line":48,"column":8}},"loc":{"start":{"line":48,"column":30},"end":{"line":51,"column":3}}},"4":{"name":"(anonymous_4)","decl":{"start":{"line":54,"column":2},"end":{"line":54,"column":8}},"loc":{"start":{"line":54,"column":16},"end":{"line":64,"column":3}}},"5":{"name":"(anonymous_5)","decl":{"start":{"line":67,"column":2},"end":{"line":67,"column":8}},"loc":{"start":{"line":67,"column":37},"end":{"line":74,"column":3}}},"6":{"name":"(anonymous_6)","decl":{"start":{"line":77,"column":2},"end":{"line":77,"column":8}},"loc":{"start":{"line":77,"column":18},"end":{"line":87,"column":3}}},"7":{"name":"(anonymous_7)","decl":{"start":{"line":90,"column":2},"end":{"line":90,"column":8}},"loc":{"start":{"line":90,"column":18},"end":{"line":98,"column":3}}},"8":{"name":"(anonymous_8)","decl":{"start":{"line":101,"column":2},"end":{"line":101,"column":8}},"loc":{"start":{"line":101,"column":13},"end":{"line":117,"column":3}}},"9":{"name":"(anonymous_9)","decl":{"start":{"line":120,"column":2},"end":{"line":120,"column":8}},"loc":{"start":{"line":120,"column":32},"end":{"line":131,"column":3}}},"10":{"name":"(anonymous_10)","decl":{"start":{"line":134,"column":2},"end":{"line":134,"column":8}},"loc":{"start":{"line":134,"column":15},"end":{"line":198,"column":3}}}},"branchMap":{"0":{"loc":{"start":{"line":50,"column":35},"end":{"line":50,"column":53}},"type":"binary-expr","locations":[{"start":{"line":50,"column":35},"end":{"line":50,"column":38}},{"start":{"line":50,"column":42},"end":{"line":50,"column":53}}]},"1":{"loc":{"start":{"line":56,"column":6},"end":{"line":56,"column":45}},"type":"if","locations":[{"start":{"line":56,"column":6},"end":{"line":56,"column":45}}]},"2":{"loc":{"start":{"line":59,"column":6},"end":{"line":59,"column":34}},"type":"if","locations":[{"start":{"line":59,"column":6},"end":{"line":59,"column":34}}]},"3":{"loc":{"start":{"line":79,"column":4},"end":{"line":79,"column":59}},"type":"if","locations":[{"start":{"line":79,"column":4},"end":{"line":79,"column":59}}]},"4":{"loc":{"start":{"line":81,"column":4},"end":{"line":85,"column":5}},"type":"if","locations":[{"start":{"line":81,"column":4},"end":{"line":85,"column":5}}]},"5":{"loc":{"start":{"line":92,"column":6},"end":{"line":94,"column":7}},"type":"if","locations":[{"start":{"line":92,"column":6},"end":{"line":94,"column":7}}]},"6":{"loc":{"start":{"line":103,"column":4},"end":{"line":105,"column":5}},"type":"if","locations":[{"start":{"line":103,"column":4},"end":{"line":105,"column":5}}]},"7":{"loc":{"start":{"line":103,"column":8},"end":{"line":103,"column":32}},"type":"binary-expr","locations":[{"start":{"line":103,"column":8},"end":{"line":103,"column":16}},{"start":{"line":103,"column":20},"end":{"line":103,"column":32}}]},"8":{"loc":{"start":{"line":114,"column":43},"end":{"line":114,"column":97}},"type":"cond-expr","locations":[{"start":{"line":114,"column":68},"end":{"line":114,"column":81}},{"start":{"line":114,"column":84},"end":{"line":114,"column":97}}]},"9":{"loc":{"start":{"line":127,"column":4},"end":{"line":127,"column":58}},"type":"if","locations":[{"start":{"line":127,"column":4},"end":{"line":127,"column":58}}]},"10":{"loc":{"start":{"line":128,"column":4},"end":{"line":128,"column":50}},"type":"if","locations":[{"start":{"line":128,"column":4},"end":{"line":128,"column":50}}]},"11":{"loc":{"start":{"line":129,"column":4},"end":{"line":129,"column":54}},"type":"if","locations":[{"start":{"line":129,"column":4},"end":{"line":129,"column":54}}]},"12":{"loc":{"start":{"line":136,"column":4},"end":{"line":138,"column":5}},"type":"if","locations":[{"start":{"line":136,"column":4},"end":{"line":138,"column":5}}]},"13":{"loc":{"start":{"line":160,"column":4},"end":{"line":163,"column":5}},"type":"if","locations":[{"start":{"line":160,"column":4},"end":{"line":163,"column":5}}]},"14":{"loc":{"start":{"line":170,"column":19},"end":{"line":170,"column":36}},"type":"binary-expr","locations":[{"start":{"line":170,"column":19},"end":{"line":170,"column":28}},{"start":{"line":170,"column":32},"end":{"line":170,"column":36}}]},"15":{"loc":{"start":{"line":194,"column":15},"end":{"line":194,"column":30}},"type":"binary-expr","locations":[{"start":{"line":194,"column":15},"end":{"line":194,"column":22}},{"start":{"line":194,"column":26},"end":{"line":194,"column":30}}]},"16":{"loc":{"start":{"line":195,"column":17},"end":{"line":195,"column":34}},"type":"binary-expr","locations":[{"start":{"line":195,"column":17},"end":{"line":195,"column":26}},{"start":{"line":195,"column":30},"end":{"line":195,"column":34}}]}},"s":{"0":2,"1":2,"2":2,"3":1,"4":2,"5":5,"6":5,"7":3,"8":3,"9":11,"10":11,"11":7,"12":4,"13":4,"14":4,"15":0,"16":4,"17":0,"18":5,"19":5,"20":3,"21":2,"22":9,"23":9,"24":6,"25":3,"26":3,"27":1,"28":1,"29":2,"30":5,"31":5,"32":2,"33":2,"34":2,"35":2,"36":0,"37":0,"38":0,"39":0,"40":0,"41":5,"42":5,"43":5,"44":5,"45":5,"46":5,"47":1,"48":4,"49":1,"50":3,"51":1,"52":2,"53":3,"54":3,"55":2,"56":1,"57":1,"58":1,"59":1,"60":1,"61":1,"62":1,"63":1,"64":1,"65":1,"66":1,"67":1,"68":1,"69":0,"70":0,"71":0,"72":0,"73":1},"f":{"0":1,"1":2,"2":5,"3":3,"4":11,"5":5,"6":9,"7":5,"8":2,"9":5,"10":3},"b":{"0":[3,0],"1":[7],"2":[0],"3":[6],"4":[1],"5":[2],"6":[2],"7":[2,0],"8":[0,0],"9":[1],"10":[1],"11":[1],"12":[2],"13":[1],"14":[1,0],"15":[1,0],"16":[1,0]}}
,"/Users/teodorwaltervido/Desktop/service/src/db/database.ts": {"path":"/Users/teodorwaltervido/Desktop/service/src/db/database.ts","statementMap":{"0":{"start":{"line":13,"column":52},"end":{"line":13,"column":56}},"1":{"start":{"line":16,"column":23},"end":{"line":16,"column":50}},"2":{"start":{"line":17,"column":4},"end":{"line":17,"column":47}},"3":{"start":{"line":19,"column":22},"end":{"line":19,"column":62}},"4":{"start":{"line":20,"column":4},"end":{"line":20,"column":38}},"5":{"start":{"line":23,"column":4},"end":{"line":23,"column":41}},"6":{"start":{"line":24,"column":4},"end":{"line":24,"column":40}},"7":{"start":{"line":26,"column":4},"end":{"line":26,"column":25}},"8":{"start":{"line":31,"column":4},"end":{"line":31,"column":29}},"9":{"start":{"line":34,"column":18},"end":{"line":35,"column":23}},"10":{"start":{"line":35,"column":16},"end":{"line":35,"column":22}},"11":{"start":{"line":36,"column":4},"end":{"line":38,"column":5}},"12":{"start":{"line":37,"column":6},"end":{"line":37,"column":87}},"13":{"start":{"line":37,"column":12},"end":{"line":37,"column":54}},"14":{"start":{"line":43,"column":4},"end":{"line":45,"column":5}},"15":{"start":{"line":44,"column":6},"end":{"line":44,"column":61}},"16":{"start":{"line":46,"column":4},"end":{"line":46,"column":36}},"17":{"start":{"line":51,"column":4},"end":{"line":54,"column":5}},"18":{"start":{"line":52,"column":6},"end":{"line":52,"column":39}},"19":{"start":{"line":53,"column":6},"end":{"line":53,"column":38}},"20":{"start":{"line":59,"column":4},"end":{"line":59,"column":20}}},"fnMap":{"0":{"name":"(anonymous_0)","decl":{"start":{"line":15,"column":2},"end":{"line":15,"column":14}},"loc":{"start":{"line":15,"column":29},"end":{"line":27,"column":3}}},"1":{"name":"(anonymous_1)","decl":{"start":{"line":30,"column":10},"end":{"line":30,"column":23}},"loc":{"start":{"line":30,"column":23},"end":{"line":39,"column":3}}},"2":{"name":"(anonymous_2)","decl":{"start":{"line":35,"column":11},"end":{"line":35,"column":12}},"loc":{"start":{"line":35,"column":16},"end":{"line":35,"column":22}}},"3":{"name":"(anonymous_3)","decl":{"start":{"line":42,"column":2},"end":{"line":42,"column":8}},"loc":{"start":{"line":42,"column":36},"end":{"line":47,"column":3}}},"4":{"name":"(anonymous_4)","decl":{"start":{"line":50,"column":2},"end":{"line":50,"column":8}},"loc":{"start":{"line":50,"column":22},"end":{"line":55,"column":3}}},"5":{"name":"(anonymous_5)","decl":{"start":{"line":58,"column":2},"end":{"line":58,"column":7}},"loc":{"start":{"line":58,"column":7},"end":{"line":60,"column":3}}}},"branchMap":{"0":{"loc":{"start":{"line":19,"column":22},"end":{"line":19,"column":62}},"type":"binary-expr","locations":[{"start":{"line":19,"column":22},"end":{"line":19,"column":28}},{"start":{"line":19,"column":32},"end":{"line":19,"column":62}}]},"1":{"loc":{"start":{"line":36,"column":4},"end":{"line":38,"column":5}},"type":"if","locations":[{"start":{"line":36,"column":4},"end":{"line":38,"column":5}}]},"2":{"loc":{"start":{"line":43,"column":4},"end":{"line":45,"column":5}},"type":"if","locations":[{"start":{"line":43,"column":4},"end":{"line":45,"column":5}}]},"3":{"loc":{"start":{"line":51,"column":4},"end":{"line":54,"column":5}},"type":"if","locations":[{"start":{"line":51,"column":4},"end":{"line":54,"column":5}}]}},"s":{"0":13,"1":117,"2":117,"3":117,"4":117,"5":117,"6":117,"7":117,"8":117,"9":117,"10":1053,"11":117,"12":0,"13":0,"14":2,"15":1,"16":2,"17":212,"18":1,"19":1,"20":117},"f":{"0":117,"1":117,"2":1053,"3":2,"4":212,"5":117},"b":{"0":[117,0],"1":[0],"2":[1],"3":[1]}}
,"/Users/teodorwaltervido/Desktop/service/src/db/schema.ts": {"path":"/Users/teodorwaltervido/Desktop/service/src/db/schema.ts","statementMap":{"0":{"start":{"line":6,"column":26},"end":{"line":79,"column":2}},"1":{"start":{"line":85,"column":43},"end":{"line":87,"column":2}}},"fnMap":{},"branchMap":{},"s":{"0":15,"1":15},"f":{},"b":{}}
,"/Users/teodorwaltervido/Desktop/service/src/gateway/event-bus.ts": {"path":"/Users/teodorwaltervido/Desktop/service/src/gateway/event-bus.ts","statementMap":{"0":{"start":{"line":13,"column":52},"end":{"line":13,"column":56}},"1":{"start":{"line":16,"column":4},"end":{"line":16,"column":12}},"2":{"start":{"line":17,"column":4},"end":{"line":17,"column":30}},"3":{"start":{"line":22,"column":4},"end":{"line":24,"column":5}},"4":{"start":{"line":23,"column":6},"end":{"line":23,"column":55}},"5":{"start":{"line":25,"column":4},"end":{"line":25,"column":36}},"6":{"start":{"line":30,"column":4},"end":{"line":33,"column":5}},"7":{"start":{"line":31,"column":6},"end":{"line":31,"column":52}},"8":{"start":{"line":32,"column":6},"end":{"line":32,"column":38}},"9":{"start":{"line":38,"column":4},"end":{"line":38,"column":37}}},"fnMap":{"0":{"name":"(anonymous_0)","decl":{"start":{"line":15,"column":2},"end":{"line":15,"column":null}},"loc":{"start":{"line":15,"column":2},"end":{"line":18,"column":3}}},"1":{"name":"(anonymous_1)","decl":{"start":{"line":21,"column":2},"end":{"line":21,"column":8}},"loc":{"start":{"line":21,"column":20},"end":{"line":26,"column":3}}},"2":{"name":"(anonymous_2)","decl":{"start":{"line":29,"column":2},"end":{"line":29,"column":8}},"loc":{"start":{"line":29,"column":22},"end":{"line":34,"column":3}}},"3":{"name":"(anonymous_3)","decl":{"start":{"line":37,"column":2},"end":{"line":37,"column":18}},"loc":{"start":{"line":37,"column":43},"end":{"line":39,"column":3}}}},"branchMap":{"0":{"loc":{"start":{"line":22,"column":4},"end":{"line":24,"column":5}},"type":"if","locations":[{"start":{"line":22,"column":4},"end":{"line":24,"column":5}}]},"1":{"loc":{"start":{"line":30,"column":4},"end":{"line":33,"column":5}},"type":"if","locations":[{"start":{"line":30,"column":4},"end":{"line":33,"column":5}}]}},"s":{"0":11,"1":89,"2":89,"3":89,"4":89,"5":89,"6":169,"7":89,"8":89,"9":8},"f":{"0":89,"1":89,"2":169,"3":8},"b":{"0":[89],"1":[89]}}
,"/Users/teodorwaltervido/Desktop/service/src/gateway/notification-store.ts": {"path":"/Users/teodorwaltervido/Desktop/service/src/gateway/notification-store.ts","statementMap":{"0":{"start":{"line":8,"column":20},"end":{"line":8,"column":47}},"1":{"start":{"line":9,"column":28},"end":{"line":9,"column":64}},"2":{"start":{"line":19,"column":4},"end":{"line":19,"column":17}},"3":{"start":{"line":20,"column":4},"end":{"line":20,"column":58}},"4":{"start":{"line":25,"column":4},"end":{"line":25,"column":48}},"5":{"start":{"line":26,"column":4},"end":{"line":28,"column":5}},"6":{"start":{"line":27,"column":6},"end":{"line":27,"column":83}},"7":{"start":{"line":29,"column":16},"end":{"line":29,"column":31}},"8":{"start":{"line":30,"column":4},"end":{"line":30,"column":77}},"9":{"start":{"line":31,"column":4},"end":{"line":31,"column":15}},"10":{"start":{"line":36,"column":15},"end":{"line":36,"column":30}},"11":{"start":{"line":37,"column":19},"end":{"line":37,"column":72}},"12":{"start":{"line":38,"column":22},"end":{"line":38,"column":87}},"13":{"start":{"line":39,"column":20},"end":{"line":39,"column":39}},"14":{"start":{"line":41,"column":4},"end":{"line":41,"column":51}},"15":{"start":{"line":46,"column":15},"end":{"line":46,"column":35}},"16":{"start":{"line":47,"column":20},"end":{"line":47,"column":41}},"17":{"start":{"line":48,"column":23},"end":{"line":48,"column":40}},"18":{"start":{"line":49,"column":21},"end":{"line":49,"column":76}},"19":{"start":{"line":50,"column":4},"end":{"line":50,"column":33}},"20":{"start":{"line":51,"column":4},"end":{"line":51,"column":64}},"21":{"start":{"line":56,"column":15},"end":{"line":56,"column":39}},"22":{"start":{"line":57,"column":21},"end":{"line":57,"column":75}},"23":{"start":{"line":58,"column":22},"end":{"line":58,"column":65}},"24":{"start":{"line":60,"column":4},"end":{"line":63,"column":86}},"25":{"start":{"line":65,"column":4},"end":{"line":74,"column":6}},"26":{"start":{"line":79,"column":14},"end":{"line":79,"column":53}},"27":{"start":{"line":80,"column":30},"end":{"line":80,"column":32}},"28":{"start":{"line":82,"column":4},"end":{"line":85,"column":5}},"29":{"start":{"line":83,"column":6},"end":{"line":83,"column":31}},"30":{"start":{"line":84,"column":6},"end":{"line":84,"column":26}},"31":{"start":{"line":86,"column":4},"end":{"line":88,"column":5}},"32":{"start":{"line":87,"column":6},"end":{"line":87,"column":29}},"33":{"start":{"line":90,"column":4},"end":{"line":90,"column":59}},"34":{"start":{"line":91,"column":4},"end":{"line":91,"column":23}},"35":{"start":{"line":93,"column":4},"end":{"line":93,"column":71}},"36":{"start":{"line":98,"column":19},"end":{"line":100,"column":13}},"37":{"start":{"line":101,"column":4},"end":{"line":101,"column":30}},"38":{"start":{"line":106,"column":14},"end":{"line":106,"column":74}},"39":{"start":{"line":107,"column":30},"end":{"line":107,"column":32}},"40":{"start":{"line":109,"column":4},"end":{"line":112,"column":5}},"41":{"start":{"line":110,"column":6},"end":{"line":110,"column":31}},"42":{"start":{"line":111,"column":6},"end":{"line":111,"column":26}},"43":{"start":{"line":114,"column":16},"end":{"line":114,"column":72}},"44":{"start":{"line":115,"column":4},"end":{"line":115,"column":21}},"45":{"start":{"line":120,"column":4},"end":{"line":126,"column":48}},"46":{"start":{"line":137,"column":28},"end":{"line":137,"column":64}},"47":{"start":{"line":138,"column":16},"end":{"line":138,"column":40}},"48":{"start":{"line":139,"column":4},"end":{"line":142,"column":61}},"49":{"start":{"line":147,"column":16},"end":{"line":147,"column":40}},"50":{"start":{"line":148,"column":4},"end":{"line":150,"column":49}},"51":{"start":{"line":155,"column":16},"end":{"line":157,"column":47}},"52":{"start":{"line":159,"column":4},"end":{"line":159,"column":41}},"53":{"start":{"line":159,"column":29},"end":{"line":159,"column":41}},"54":{"start":{"line":160,"column":4},"end":{"line":164,"column":5}},"55":{"start":{"line":161,"column":6},"end":{"line":161,"column":63}},"56":{"start":{"line":163,"column":6},"end":{"line":163,"column":18}},"57":{"start":{"line":169,"column":4},"end":{"line":171,"column":25}},"58":{"start":{"line":184,"column":4},"end":{"line":194,"column":7}},"59":{"start":{"line":199,"column":16},"end":{"line":199,"column":40}},"60":{"start":{"line":200,"column":4},"end":{"line":203,"column":69}},"61":{"start":{"line":208,"column":4},"end":{"line":208,"column":72}},"62":{"start":{"line":213,"column":4},"end":{"line":213,"column":69}},"63":{"start":{"line":226,"column":17},"end":{"line":226,"column":null}},"64":{"start":{"line":235,"column":4},"end":{"line":235,"column":75}},"65":{"start":{"line":235,"column":26},"end":{"line":235,"column":72}}},"fnMap":{"0":{"name":"(anonymous_0)","decl":{"start":{"line":18,"column":2},"end":{"line":18,"column":14}},"loc":{"start":{"line":18,"column":35},"end":{"line":21,"column":3}}},"1":{"name":"(anonymous_1)","decl":{"start":{"line":24,"column":10},"end":{"line":24,"column":35}},"loc":{"start":{"line":24,"column":35},"end":{"line":32,"column":3}}},"2":{"name":"(anonymous_2)","decl":{"start":{"line":35,"column":2},"end":{"line":35,"column":9}},"loc":{"start":{"line":35,"column":27},"end":{"line":42,"column":3}}},"3":{"name":"(anonymous_3)","decl":{"start":{"line":45,"column":2},"end":{"line":45,"column":9}},"loc":{"start":{"line":45,"column":22},"end":{"line":52,"column":3}}},"4":{"name":"(anonymous_4)","decl":{"start":{"line":55,"column":2},"end":{"line":55,"column":8}},"loc":{"start":{"line":55,"column":33},"end":{"line":75,"column":3}}},"5":{"name":"(anonymous_5)","decl":{"start":{"line":78,"column":2},"end":{"line":78,"column":11}},"loc":{"start":{"line":78,"column":65},"end":{"line":94,"column":3}}},"6":{"name":"(anonymous_6)","decl":{"start":{"line":97,"column":2},"end":{"line":97,"column":10}},"loc":{"start":{"line":97,"column":21},"end":{"line":102,"column":3}}},"7":{"name":"(anonymous_7)","decl":{"start":{"line":105,"column":2},"end":{"line":105,"column":16}},"loc":{"start":{"line":105,"column":32},"end":{"line":116,"column":3}}},"8":{"name":"(anonymous_8)","decl":{"start":{"line":119,"column":2},"end":{"line":119,"column":8}},"loc":{"start":{"line":119,"column":42},"end":{"line":127,"column":3}}},"9":{"name":"(anonymous_9)","decl":{"start":{"line":130,"column":2},"end":{"line":130,"column":24}},"loc":{"start":{"line":135,"column":29},"end":{"line":143,"column":3}}},"10":{"name":"(anonymous_10)","decl":{"start":{"line":146,"column":2},"end":{"line":146,"column":25}},"loc":{"start":{"line":146,"column":75},"end":{"line":151,"column":3}}},"11":{"name":"(anonymous_11)","decl":{"start":{"line":154,"column":2},"end":{"line":154,"column":23}},"loc":{"start":{"line":154,"column":34},"end":{"line":165,"column":3}}},"12":{"name":"(anonymous_12)","decl":{"start":{"line":168,"column":2},"end":{"line":168,"column":19}},"loc":{"start":{"line":168,"column":41},"end":{"line":172,"column":3}}},"13":{"name":"(anonymous_13)","decl":{"start":{"line":175,"column":2},"end":{"line":175,"column":20}},"loc":{"start":{"line":175,"column":20},"end":{"line":195,"column":3}}},"14":{"name":"(anonymous_14)","decl":{"start":{"line":198,"column":2},"end":{"line":198,"column":19}},"loc":{"start":{"line":198,"column":93},"end":{"line":204,"column":3}}},"15":{"name":"(anonymous_15)","decl":{"start":{"line":207,"column":2},"end":{"line":207,"column":21}},"loc":{"start":{"line":207,"column":32},"end":{"line":209,"column":3}}},"16":{"name":"(anonymous_16)","decl":{"start":{"line":212,"column":2},"end":{"line":212,"column":19}},"loc":{"start":{"line":212,"column":30},"end":{"line":214,"column":3}}},"17":{"name":"(anonymous_17)","decl":{"start":{"line":217,"column":2},"end":{"line":217,"column":19}},"loc":{"start":{"line":217,"column":19},"end":{"line":236,"column":3}}},"18":{"name":"(anonymous_18)","decl":{"start":{"line":235,"column":20},"end":{"line":235,"column":21}},"loc":{"start":{"line":235,"column":26},"end":{"line":235,"column":72}}}},"branchMap":{"0":{"loc":{"start":{"line":26,"column":4},"end":{"line":28,"column":5}},"type":"if","locations":[{"start":{"line":26,"column":4},"end":{"line":28,"column":5}}]},"1":{"loc":{"start":{"line":56,"column":15},"end":{"line":56,"column":39}},"type":"binary-expr","locations":[{"start":{"line":56,"column":15},"end":{"line":56,"column":23}},{"start":{"line":56,"column":27},"end":{"line":56,"column":39}}]},"2":{"loc":{"start":{"line":57,"column":21},"end":{"line":57,"column":75}},"type":"cond-expr","locations":[{"start":{"line":57,"column":38},"end":{"line":57,"column":68}},{"start":{"line":57,"column":71},"end":{"line":57,"column":75}}]},"3":{"loc":{"start":{"line":58,"column":22},"end":{"line":58,"column":65}},"type":"binary-expr","locations":[{"start":{"line":58,"column":22},"end":{"line":58,"column":37}},{"start":{"line":58,"column":41},"end":{"line":58,"column":65}}]},"4":{"loc":{"start":{"line":78,"column":12},"end":{"line":78,"column":30}},"type":"default-arg","locations":[{"start":{"line":78,"column":28},"end":{"line":78,"column":30}}]},"5":{"loc":{"start":{"line":82,"column":4},"end":{"line":85,"column":5}},"type":"if","locations":[{"start":{"line":82,"column":4},"end":{"line":85,"column":5}}]},"6":{"loc":{"start":{"line":86,"column":4},"end":{"line":88,"column":5}},"type":"if","locations":[{"start":{"line":86,"column":4},"end":{"line":88,"column":5}}]},"7":{"loc":{"start":{"line":86,"column":8},"end":{"line":86,"column":38}},"type":"binary-expr","locations":[{"start":{"line":86,"column":8},"end":{"line":86,"column":28}},{"start":{"line":86,"column":32},"end":{"line":86,"column":38}}]},"8":{"loc":{"start":{"line":109,"column":4},"end":{"line":112,"column":5}},"type":"if","locations":[{"start":{"line":109,"column":4},"end":{"line":112,"column":5}}]},"9":{"loc":{"start":{"line":119,"column":24},"end":{"line":119,"column":42}},"type":"default-arg","locations":[{"start":{"line":119,"column":40},"end":{"line":119,"column":42}}]},"10":{"loc":{"start":{"line":135,"column":4},"end":{"line":135,"column":29}},"type":"default-arg","locations":[{"start":{"line":135,"column":21},"end":{"line":135,"column":29}}]},"11":{"loc":{"start":{"line":150,"column":18},"end":{"line":150,"column":38}},"type":"binary-expr","locations":[{"start":{"line":150,"column":18},"end":{"line":150,"column":30}},{"start":{"line":150,"column":34},"end":{"line":150,"column":38}}]},"12":{"loc":{"start":{"line":159,"column":4},"end":{"line":159,"column":41}},"type":"if","locations":[{"start":{"line":159,"column":4},"end":{"line":159,"column":41}}]},"13":{"loc":{"start":{"line":159,"column":8},"end":{"line":159,"column":27}},"type":"binary-expr","locations":[{"start":{"line":159,"column":8},"end":{"line":159,"column":12}},{"start":{"line":159,"column":16},"end":{"line":159,"column":27}}]}},"s":{"0":13,"1":13,"2":108,"3":108,"4":108,"5":108,"6":108,"7":0,"8":0,"9":0,"10":18,"11":18,"12":18,"13":18,"14":18,"15":3,"16":3,"17":3,"18":3,"19":3,"20":3,"21":55,"22":55,"23":55,"24":55,"25":55,"26":11,"27":11,"28":11,"29":3,"30":3,"31":11,"32":2,"33":11,"34":11,"35":11,"36":9,"37":9,"38":4,"39":4,"40":4,"41":2,"42":2,"43":4,"44":4,"45":8,"46":18,"47":18,"48":18,"49":18,"50":18,"51":6,"52":6,"53":3,"54":3,"55":3,"56":0,"57":1,"58":10,"59":5,"60":5,"61":3,"62":3,"63":9,"64":9,"65":4},"f":{"0":108,"1":108,"2":18,"3":3,"4":55,"5":11,"6":9,"7":4,"8":8,"9":18,"10":18,"11":6,"12":1,"13":10,"14":5,"15":3,"16":3,"17":9,"18":4},"b":{"0":[108],"1":[55,0],"2":[1,54],"3":[55,0],"4":[0],"5":[3],"6":[2],"7":[11,2],"8":[2],"9":[1],"10":[4],"11":[18,18],"12":[3],"13":[6,3]}}
,"/Users/teodorwaltervido/Desktop/service/src/gateway/push-manager.ts": {"path":"/Users/teodorwaltervido/Desktop/service/src/gateway/push-manager.ts","statementMap":{"0":{"start":{"line":18,"column":52},"end":{"line":18,"column":61}},"1":{"start":{"line":22,"column":4},"end":{"line":22,"column":29}},"2":{"start":{"line":23,"column":4},"end":{"line":25,"column":7}},"3":{"start":{"line":24,"column":6},"end":{"line":24,"column":28}},"4":{"start":{"line":30,"column":15},"end":{"line":30,"column":27}},"5":{"start":{"line":33,"column":4},"end":{"line":38,"column":7}},"6":{"start":{"line":41,"column":4},"end":{"line":41,"column":33}},"7":{"start":{"line":44,"column":27},"end":{"line":50,"column":13}},"8":{"start":{"line":45,"column":6},"end":{"line":49,"column":7}},"9":{"start":{"line":46,"column":8},"end":{"line":46,"column":37}},"10":{"start":{"line":48,"column":8},"end":{"line":48,"column":34}},"11":{"start":{"line":52,"column":38},"end":{"line":52,"column":65}},"12":{"start":{"line":53,"column":4},"end":{"line":53,"column":41}},"13":{"start":{"line":56,"column":4},"end":{"line":58,"column":7}},"14":{"start":{"line":57,"column":6},"end":{"line":57,"column":32}},"15":{"start":{"line":60,"column":4},"end":{"line":60,"column":14}},"16":{"start":{"line":65,"column":17},"end":{"line":65,"column":41}},"17":{"start":{"line":66,"column":4},"end":{"line":69,"column":5}},"18":{"start":{"line":67,"column":6},"end":{"line":67,"column":41}},"19":{"start":{"line":68,"column":6},"end":{"line":68,"column":34}},"20":{"start":{"line":74,"column":20},"end":{"line":74,"column":94}},"21":{"start":{"line":76,"column":4},"end":{"line":82,"column":5}},"22":{"start":{"line":77,"column":6},"end":{"line":81,"column":7}},"23":{"start":{"line":78,"column":8},"end":{"line":78,"column":32}},"24":{"start":{"line":80,"column":8},"end":{"line":80,"column":34}},"25":{"start":{"line":87,"column":4},"end":{"line":87,"column":33}},"26":{"start":{"line":92,"column":4},"end":{"line":99,"column":5}},"27":{"start":{"line":93,"column":6},"end":{"line":93,"column":41}},"28":{"start":{"line":94,"column":6},"end":{"line":98,"column":7}},"29":{"start":{"line":95,"column":8},"end":{"line":95,"column":23}},"30":{"start":{"line":100,"column":4},"end":{"line":100,"column":29}}},"fnMap":{"0":{"name":"(anonymous_0)","decl":{"start":{"line":21,"column":2},"end":{"line":21,"column":14}},"loc":{"start":{"line":21,"column":39},"end":{"line":26,"column":3}}},"1":{"name":"(anonymous_1)","decl":{"start":{"line":23,"column":37},"end":{"line":23,"column":38}},"loc":{"start":{"line":23,"column":66},"end":{"line":25,"column":5}}},"2":{"name":"(anonymous_2)","decl":{"start":{"line":29,"column":2},"end":{"line":29,"column":15}},"loc":{"start":{"line":29,"column":29},"end":{"line":61,"column":3}}},"3":{"name":"(anonymous_3)","decl":{"start":{"line":44,"column":39},"end":{"line":44,"column":42}},"loc":{"start":{"line":44,"column":44},"end":{"line":50,"column":5}}},"4":{"name":"(anonymous_4)","decl":{"start":{"line":56,"column":20},"end":{"line":56,"column":23}},"loc":{"start":{"line":56,"column":25},"end":{"line":58,"column":5}}},"5":{"name":"(anonymous_5)","decl":{"start":{"line":64,"column":2},"end":{"line":64,"column":18}},"loc":{"start":{"line":64,"column":29},"end":{"line":70,"column":3}}},"6":{"name":"(anonymous_6)","decl":{"start":{"line":73,"column":2},"end":{"line":73,"column":11}},"loc":{"start":{"line":73,"column":36},"end":{"line":83,"column":3}}},"7":{"name":"(anonymous_7)","decl":{"start":{"line":86,"column":2},"end":{"line":86,"column":20}},"loc":{"start":{"line":86,"column":20},"end":{"line":88,"column":3}}},"8":{"name":"(anonymous_8)","decl":{"start":{"line":91,"column":2},"end":{"line":91,"column":10}},"loc":{"start":{"line":91,"column":10},"end":{"line":101,"column":3}}}},"branchMap":{"0":{"loc":{"start":{"line":66,"column":4},"end":{"line":69,"column":5}},"type":"if","locations":[{"start":{"line":66,"column":4},"end":{"line":69,"column":5}}]}},"s":{"0":59,"1":59,"2":59,"3":8,"4":12,"5":12,"6":12,"7":12,"8":0,"9":0,"10":0,"11":12,"12":12,"13":12,"14":2,"15":12,"16":2,"17":2,"18":1,"19":1,"20":10,"21":10,"22":4,"23":4,"24":0,"25":18,"26":60,"27":11,"28":11,"29":11,"30":60},"f":{"0":59,"1":8,"2":12,"3":0,"4":2,"5":2,"6":10,"7":18,"8":60},"b":{"0":[1]}}
,"/Users/teodorwaltervido/Desktop/service/src/integrations/registry.ts": {"path":"/Users/teodorwaltervido/Desktop/service/src/integrations/registry.ts","statementMap":{"0":{"start":{"line":37,"column":53},"end":{"line":37,"column":62}},"1":{"start":{"line":38,"column":68},"end":{"line":38,"column":77}},"2":{"start":{"line":43,"column":4},"end":{"line":43,"column":12}},"3":{"start":{"line":44,"column":4},"end":{"line":44,"column":23}},"4":{"start":{"line":45,"column":4},"end":{"line":45,"column":29}},"5":{"start":{"line":48,"column":4},"end":{"line":48,"column":67}},"6":{"start":{"line":48,"column":44},"end":{"line":48,"column":65}},"7":{"start":{"line":49,"column":4},"end":{"line":49,"column":73}},"8":{"start":{"line":49,"column":47},"end":{"line":49,"column":71}},"9":{"start":{"line":50,"column":4},"end":{"line":50,"column":76}},"10":{"start":{"line":50,"column":49},"end":{"line":50,"column":74}},"11":{"start":{"line":51,"column":4},"end":{"line":51,"column":69}},"12":{"start":{"line":51,"column":45},"end":{"line":51,"column":67}},"13":{"start":{"line":52,"column":4},"end":{"line":52,"column":69}},"14":{"start":{"line":52,"column":45},"end":{"line":52,"column":67}},"15":{"start":{"line":53,"column":4},"end":{"line":53,"column":76}},"16":{"start":{"line":53,"column":49},"end":{"line":53,"column":74}},"17":{"start":{"line":58,"column":4},"end":{"line":58,"column":43}},"18":{"start":{"line":63,"column":4},"end":{"line":63,"column":52}},"19":{"start":{"line":68,"column":41},"end":{"line":68,"column":43}},"20":{"start":{"line":69,"column":4},"end":{"line":77,"column":5}},"21":{"start":{"line":70,"column":22},"end":{"line":70,"column":31}},"22":{"start":{"line":71,"column":6},"end":{"line":76,"column":9}},"23":{"start":{"line":78,"column":4},"end":{"line":78,"column":17}},"24":{"start":{"line":88,"column":20},"end":{"line":88,"column":51}},"25":{"start":{"line":89,"column":4},"end":{"line":91,"column":5}},"26":{"start":{"line":90,"column":6},"end":{"line":90,"column":59}},"27":{"start":{"line":94,"column":4},"end":{"line":96,"column":5}},"28":{"start":{"line":95,"column":6},"end":{"line":95,"column":47}},"29":{"start":{"line":98,"column":20},"end":{"line":98,"column":29}},"30":{"start":{"line":101,"column":4},"end":{"line":108,"column":7}},"31":{"start":{"line":103,"column":6},"end":{"line":103,"column":31}},"32":{"start":{"line":105,"column":6},"end":{"line":105,"column":47}},"33":{"start":{"line":107,"column":6},"end":{"line":107,"column":44}},"34":{"start":{"line":111,"column":4},"end":{"line":117,"column":6}},"35":{"start":{"line":119,"column":4},"end":{"line":130,"column":5}},"36":{"start":{"line":121,"column":6},"end":{"line":121,"column":36}},"37":{"start":{"line":124,"column":6},"end":{"line":128,"column":8}},"38":{"start":{"line":129,"column":6},"end":{"line":129,"column":18}},"39":{"start":{"line":133,"column":4},"end":{"line":133,"column":61}},"40":{"start":{"line":135,"column":4},"end":{"line":140,"column":7}},"41":{"start":{"line":143,"column":4},"end":{"line":143,"column":57}},"42":{"start":{"line":148,"column":19},"end":{"line":148,"column":48}},"43":{"start":{"line":149,"column":4},"end":{"line":158,"column":5}},"44":{"start":{"line":150,"column":6},"end":{"line":154,"column":7}},"45":{"start":{"line":151,"column":8},"end":{"line":151,"column":42}},"46":{"start":{"line":155,"column":6},"end":{"line":155,"column":39}},"47":{"start":{"line":157,"column":6},"end":{"line":157,"column":52}},"48":{"start":{"line":163,"column":4},"end":{"line":163,"column":50}},"49":{"start":{"line":168,"column":4},"end":{"line":168,"column":25}},"50":{"start":{"line":176,"column":19},"end":{"line":176,"column":48}},"51":{"start":{"line":177,"column":4},"end":{"line":184,"column":5}},"52":{"start":{"line":178,"column":6},"end":{"line":182,"column":7}},"53":{"start":{"line":179,"column":8},"end":{"line":179,"column":42}},"54":{"start":{"line":183,"column":6},"end":{"line":183,"column":39}},"55":{"start":{"line":185,"column":4},"end":{"line":185,"column":63}},"56":{"start":{"line":186,"column":4},"end":{"line":186,"column":16}},"57":{"start":{"line":195,"column":19},"end":{"line":195,"column":63}},"58":{"start":{"line":196,"column":4},"end":{"line":198,"column":5}},"59":{"start":{"line":197,"column":6},"end":{"line":197,"column":71}},"60":{"start":{"line":201,"column":28},"end":{"line":201,"column":59}},"61":{"start":{"line":202,"column":27},"end":{"line":202,"column":73}},"62":{"start":{"line":202,"column":53},"end":{"line":202,"column":72}},"63":{"start":{"line":203,"column":4},"end":{"line":205,"column":5}},"64":{"start":{"line":204,"column":6},"end":{"line":204,"column":73}},"65":{"start":{"line":207,"column":4},"end":{"line":207,"column":93}},"66":{"start":{"line":215,"column":4},"end":{"line":215,"column":45}},"67":{"start":{"line":216,"column":4},"end":{"line":216,"column":45}},"68":{"start":{"line":217,"column":4},"end":{"line":217,"column":16}},"69":{"start":{"line":222,"column":4},"end":{"line":222,"column":22}},"70":{"start":{"line":227,"column":4},"end":{"line":229,"column":5}},"71":{"start":{"line":228,"column":6},"end":{"line":228,"column":39}}},"fnMap":{"0":{"name":"(anonymous_0)","decl":{"start":{"line":42,"column":2},"end":{"line":42,"column":14}},"loc":{"start":{"line":42,"column":65},"end":{"line":54,"column":3}}},"1":{"name":"(anonymous_1)","decl":{"start":{"line":48,"column":38},"end":{"line":48,"column":41}},"loc":{"start":{"line":48,"column":44},"end":{"line":48,"column":65}}},"2":{"name":"(anonymous_2)","decl":{"start":{"line":49,"column":41},"end":{"line":49,"column":44}},"loc":{"start":{"line":49,"column":47},"end":{"line":49,"column":71}}},"3":{"name":"(anonymous_3)","decl":{"start":{"line":50,"column":43},"end":{"line":50,"column":46}},"loc":{"start":{"line":50,"column":49},"end":{"line":50,"column":74}}},"4":{"name":"(anonymous_4)","decl":{"start":{"line":51,"column":39},"end":{"line":51,"column":42}},"loc":{"start":{"line":51,"column":45},"end":{"line":51,"column":67}}},"5":{"name":"(anonymous_5)","decl":{"start":{"line":52,"column":39},"end":{"line":52,"column":42}},"loc":{"start":{"line":52,"column":45},"end":{"line":52,"column":67}}},"6":{"name":"(anonymous_6)","decl":{"start":{"line":53,"column":43},"end":{"line":53,"column":46}},"loc":{"start":{"line":53,"column":49},"end":{"line":53,"column":74}}},"7":{"name":"(anonymous_7)","decl":{"start":{"line":57,"column":2},"end":{"line":57,"column":19}},"loc":{"start":{"line":57,"column":32},"end":{"line":59,"column":3}}},"8":{"name":"(anonymous_8)","decl":{"start":{"line":62,"column":2},"end":{"line":62,"column":19}},"loc":{"start":{"line":62,"column":19},"end":{"line":64,"column":3}}},"9":{"name":"(anonymous_9)","decl":{"start":{"line":67,"column":2},"end":{"line":67,"column":23}},"loc":{"start":{"line":67,"column":23},"end":{"line":79,"column":3}}},"10":{"name":"(anonymous_10)","decl":{"start":{"line":82,"column":2},"end":{"line":82,"column":7}},"loc":{"start":{"line":86,"column":17},"end":{"line":144,"column":3}}},"11":{"name":"(anonymous_11)","decl":{"start":{"line":101,"column":20},"end":{"line":101,"column":21}},"loc":{"start":{"line":101,"column":49},"end":{"line":108,"column":5}}},"12":{"name":"(anonymous_12)","decl":{"start":{"line":147,"column":2},"end":{"line":147,"column":7}},"loc":{"start":{"line":147,"column":44},"end":{"line":159,"column":3}}},"13":{"name":"(anonymous_13)","decl":{"start":{"line":162,"column":2},"end":{"line":162,"column":12}},"loc":{"start":{"line":162,"column":31},"end":{"line":164,"column":3}}},"14":{"name":"(anonymous_14)","decl":{"start":{"line":167,"column":2},"end":{"line":167,"column":23}},"loc":{"start":{"line":167,"column":23},"end":{"line":169,"column":3}}},"15":{"name":"(anonymous_15)","decl":{"start":{"line":175,"column":2},"end":{"line":175,"column":7}},"loc":{"start":{"line":175,"column":45},"end":{"line":187,"column":3}}},"16":{"name":"(anonymous_16)","decl":{"start":{"line":193,"column":2},"end":{"line":193,"column":7}},"loc":{"start":{"line":193,"column":44},"end":{"line":208,"column":3}}},"17":{"name":"(anonymous_17)","decl":{"start":{"line":202,"column":48},"end":{"line":202,"column":49}},"loc":{"start":{"line":202,"column":53},"end":{"line":202,"column":72}}},"18":{"name":"(anonymous_18)","decl":{"start":{"line":214,"column":2},"end":{"line":214,"column":7}},"loc":{"start":{"line":214,"column":44},"end":{"line":218,"column":3}}},"19":{"name":"(anonymous_19)","decl":{"start":{"line":221,"column":2},"end":{"line":221,"column":10}},"loc":{"start":{"line":221,"column":10},"end":{"line":223,"column":3}}},"20":{"name":"(anonymous_20)","decl":{"start":{"line":226,"column":2},"end":{"line":226,"column":7}},"loc":{"start":{"line":226,"column":16},"end":{"line":230,"column":3}}}},"branchMap":{"0":{"loc":{"start":{"line":89,"column":4},"end":{"line":91,"column":5}},"type":"if","locations":[{"start":{"line":89,"column":4},"end":{"line":91,"column":5}}]},"1":{"loc":{"start":{"line":94,"column":4},"end":{"line":96,"column":5}},"type":"if","locations":[{"start":{"line":94,"column":4},"end":{"line":96,"column":5}}]},"2":{"loc":{"start":{"line":113,"column":6},"end":{"line":113,"column":26}},"type":"binary-expr","locations":[{"start":{"line":113,"column":6},"end":{"line":113,"column":10}},{"start":{"line":113,"column":14},"end":{"line":113,"column":26}}]},"3":{"loc":{"start":{"line":127,"column":8},"end":{"line":127,"column":62}},"type":"cond-expr","locations":[{"start":{"line":127,"column":33},"end":{"line":127,"column":46}},{"start":{"line":127,"column":49},"end":{"line":127,"column":62}}]},"4":{"loc":{"start":{"line":149,"column":4},"end":{"line":158,"column":5}},"type":"if","locations":[{"start":{"line":149,"column":4},"end":{"line":158,"column":5}}]},"5":{"loc":{"start":{"line":177,"column":4},"end":{"line":184,"column":5}},"type":"if","locations":[{"start":{"line":177,"column":4},"end":{"line":184,"column":5}}]},"6":{"loc":{"start":{"line":196,"column":4},"end":{"line":198,"column":5}},"type":"if","locations":[{"start":{"line":196,"column":4},"end":{"line":198,"column":5}}]},"7":{"loc":{"start":{"line":203,"column":4},"end":{"line":205,"column":5}},"type":"if","locations":[{"start":{"line":203,"column":4},"end":{"line":205,"column":5}}]}},"s":{"0":81,"1":81,"2":81,"3":81,"4":81,"5":81,"6":17,"7":81,"8":14,"9":81,"10":9,"11":81,"12":9,"13":81,"14":9,"15":81,"16":9,"17":0,"18":3,"19":9,"20":9,"21":54,"22":54,"23":9,"24":14,"25":14,"26":1,"27":13,"28":0,"29":13,"30":13,"31":0,"32":0,"33":0,"34":13,"35":13,"36":13,"37":0,"38":0,"39":13,"40":13,"41":13,"42":15,"43":15,"44":14,"45":14,"46":14,"47":14,"48":9,"49":49,"50":5,"51":5,"52":4,"53":4,"54":4,"55":5,"56":5,"57":4,"58":4,"59":2,"60":2,"61":2,"62":4,"63":2,"64":0,"65":2,"66":3,"67":3,"68":3,"69":0,"70":50,"71":12},"f":{"0":81,"1":17,"2":14,"3":9,"4":9,"5":9,"6":9,"7":0,"8":3,"9":9,"10":14,"11":0,"12":15,"13":9,"14":49,"15":5,"16":4,"17":4,"18":3,"19":0,"20":50},"b":{"0":[1],"1":[0],"2":[13,0],"3":[0,0],"4":[14],"5":[4],"6":[2],"7":[0]}}
,"/Users/teodorwaltervido/Desktop/service/src/integrations/builtin/echo.ts": {"path":"/Users/teodorwaltervido/Desktop/service/src/integrations/builtin/echo.ts","statementMap":{"0":{"start":{"line":10,"column":16},"end":{"line":10,"column":22}},"1":{"start":{"line":11,"column":18},"end":{"line":11,"column":29}},"2":{"start":{"line":12,"column":25},"end":{"line":12,"column":105}},"3":{"start":{"line":14,"column":38},"end":{"line":26,"column":4}},"4":{"start":{"line":28,"column":57},"end":{"line":28,"column":61}},"5":{"start":{"line":29,"column":70},"end":{"line":29,"column":74}},"6":{"start":{"line":30,"column":20},"end":{"line":30,"column":21}},"7":{"start":{"line":34,"column":4},"end":{"line":37,"column":5}},"8":{"start":{"line":35,"column":6},"end":{"line":35,"column":32}},"9":{"start":{"line":36,"column":6},"end":{"line":36,"column":24}},"10":{"start":{"line":39,"column":28},"end":{"line":39,"column":73}},"11":{"start":{"line":40,"column":23},"end":{"line":40,"column":45}},"12":{"start":{"line":42,"column":4},"end":{"line":61,"column":19}},"13":{"start":{"line":43,"column":6},"end":{"line":43,"column":21}},"14":{"start":{"line":44,"column":39},"end":{"line":52,"column":8}},"15":{"start":{"line":54,"column":6},"end":{"line":60,"column":7}},"16":{"start":{"line":55,"column":8},"end":{"line":59,"column":9}},"17":{"start":{"line":56,"column":10},"end":{"line":56,"column":35}},"18":{"start":{"line":65,"column":4},"end":{"line":68,"column":5}},"19":{"start":{"line":66,"column":6},"end":{"line":66,"column":32}},"20":{"start":{"line":67,"column":6},"end":{"line":67,"column":24}},"21":{"start":{"line":69,"column":4},"end":{"line":69,"column":21}},"22":{"start":{"line":73,"column":4},"end":{"line":73,"column":32}},"23":{"start":{"line":77,"column":4},"end":{"line":77,"column":14}}},"fnMap":{"0":{"name":"(anonymous_0)","decl":{"start":{"line":32,"column":2},"end":{"line":32,"column":7}},"loc":{"start":{"line":32,"column":46},"end":{"line":62,"column":3}}},"1":{"name":"(anonymous_1)","decl":{"start":{"line":42,"column":29},"end":{"line":42,"column":32}},"loc":{"start":{"line":42,"column":34},"end":{"line":61,"column":5}}},"2":{"name":"(anonymous_2)","decl":{"start":{"line":64,"column":2},"end":{"line":64,"column":7}},"loc":{"start":{"line":64,"column":18},"end":{"line":70,"column":3}}},"3":{"name":"(anonymous_3)","decl":{"start":{"line":72,"column":2},"end":{"line":72,"column":9}},"loc":{"start":{"line":72,"column":53},"end":{"line":74,"column":3}}},"4":{"name":"(anonymous_4)","decl":{"start":{"line":76,"column":2},"end":{"line":76,"column":10}},"loc":{"start":{"line":76,"column":10},"end":{"line":78,"column":3}}}},"branchMap":{"0":{"loc":{"start":{"line":34,"column":4},"end":{"line":37,"column":5}},"type":"if","locations":[{"start":{"line":34,"column":4},"end":{"line":37,"column":5}}]},"1":{"loc":{"start":{"line":39,"column":37},"end":{"line":39,"column":68}},"type":"binary-expr","locations":[{"start":{"line":39,"column":37},"end":{"line":39,"column":60}},{"start":{"line":39,"column":64},"end":{"line":39,"column":68}}]},"2":{"loc":{"start":{"line":54,"column":6},"end":{"line":60,"column":7}},"type":"if","locations":[{"start":{"line":54,"column":6},"end":{"line":60,"column":7}}]},"3":{"loc":{"start":{"line":65,"column":4},"end":{"line":68,"column":5}},"type":"if","locations":[{"start":{"line":65,"column":4},"end":{"line":68,"column":5}}]}},"s":{"0":23,"1":23,"2":23,"3":23,"4":23,"5":23,"6":23,"7":12,"8":1,"9":1,"10":12,"11":12,"12":12,"13":3,"14":3,"15":3,"16":3,"17":3,"18":15,"19":11,"20":11,"21":15,"22":11,"23":2},"f":{"0":12,"1":3,"2":15,"3":11,"4":2},"b":{"0":[1],"1":[12,0],"2":[3],"3":[11]}}
,"/Users/teodorwaltervido/Desktop/service/src/integrations/builtin/email.ts": {"path":"/Users/teodorwaltervido/Desktop/service/src/integrations/builtin/email.ts","statementMap":{"0":{"start":{"line":18,"column":16},"end":{"line":18,"column":23}},"1":{"start":{"line":19,"column":18},"end":{"line":19,"column":39}},"2":{"start":{"line":20,"column":25},"end":{"line":20,"column":97}},"3":{"start":{"line":22,"column":38},"end":{"line":60,"column":4}},"4":{"start":{"line":62,"column":70},"end":{"line":62,"column":74}},"5":{"start":{"line":63,"column":22},"end":{"line":63,"column":27}},"6":{"start":{"line":64,"column":61},"end":{"line":64,"column":65}},"7":{"start":{"line":65,"column":44},"end":{"line":65,"column":48}},"8":{"start":{"line":66,"column":55},"end":{"line":66,"column":59}},"9":{"start":{"line":67,"column":50},"end":{"line":67,"column":54}},"10":{"start":{"line":68,"column":24},"end":{"line":68,"column":25}},"11":{"start":{"line":69,"column":55},"end":{"line":69,"column":59}},"12":{"start":{"line":72,"column":4},"end":{"line":74,"column":5}},"13":{"start":{"line":73,"column":6},"end":{"line":73,"column":30}},"14":{"start":{"line":76,"column":21},"end":{"line":76,"column":71}},"15":{"start":{"line":77,"column":4},"end":{"line":81,"column":5}},"16":{"start":{"line":78,"column":6},"end":{"line":80,"column":7}},"17":{"start":{"line":79,"column":8},"end":{"line":79,"column":59}},"18":{"start":{"line":83,"column":4},"end":{"line":83,"column":30}},"19":{"start":{"line":84,"column":21},"end":{"line":84,"column":60}},"20":{"start":{"line":85,"column":21},"end":{"line":85,"column":60}},"21":{"start":{"line":86,"column":25},"end":{"line":86,"column":82}},"22":{"start":{"line":89,"column":4},"end":{"line":107,"column":5}},"23":{"start":{"line":92,"column":25},"end":{"line":92,"column":51}},"24":{"start":{"line":93,"column":6},"end":{"line":101,"column":9}},"25":{"start":{"line":103,"column":6},"end":{"line":105,"column":7}},"26":{"start":{"line":104,"column":8},"end":{"line":104,"column":94}},"27":{"start":{"line":106,"column":6},"end":{"line":106,"column":16}},"28":{"start":{"line":110,"column":4},"end":{"line":119,"column":6}},"29":{"start":{"line":122,"column":4},"end":{"line":128,"column":5}},"30":{"start":{"line":123,"column":6},"end":{"line":127,"column":23}},"31":{"start":{"line":124,"column":8},"end":{"line":126,"column":11}},"32":{"start":{"line":130,"column":4},"end":{"line":130,"column":26}},"33":{"start":{"line":135,"column":4},"end":{"line":135,"column":33}},"34":{"start":{"line":135,"column":26},"end":{"line":135,"column":33}},"35":{"start":{"line":136,"column":4},"end":{"line":164,"column":5}},"36":{"start":{"line":139,"column":25},"end":{"line":139,"column":52}},"37":{"start":{"line":140,"column":25},"end":{"line":140,"column":66}},"38":{"start":{"line":141,"column":6},"end":{"line":141,"column":40}},"39":{"start":{"line":142,"column":23},"end":{"line":145,"column":8}},"40":{"start":{"line":146,"column":6},"end":{"line":160,"column":7}},"41":{"start":{"line":147,"column":20},"end":{"line":147,"column":44}},"42":{"start":{"line":148,"column":8},"end":{"line":148,"column":46}},"43":{"start":{"line":148,"column":37},"end":{"line":148,"column":46}},"44":{"start":{"line":149,"column":8},"end":{"line":149,"column":59}},"45":{"start":{"line":150,"column":23},"end":{"line":150,"column":49}},"46":{"start":{"line":151,"column":8},"end":{"line":159,"column":11}},"47":{"start":{"line":161,"column":6},"end":{"line":161,"column":23}},"48":{"start":{"line":168,"column":4},"end":{"line":171,"column":5}},"49":{"start":{"line":169,"column":6},"end":{"line":169,"column":36}},"50":{"start":{"line":170,"column":6},"end":{"line":170,"column":28}},"51":{"start":{"line":172,"column":4},"end":{"line":175,"column":5}},"52":{"start":{"line":173,"column":6},"end":{"line":173,"column":63}},"53":{"start":{"line":173,"column":12},"end":{"line":173,"column":38}},"54":{"start":{"line":174,"column":6},"end":{"line":174,"column":33}},"55":{"start":{"line":176,"column":4},"end":{"line":179,"column":5}},"56":{"start":{"line":177,"column":6},"end":{"line":177,"column":62}},"57":{"start":{"line":177,"column":12},"end":{"line":177,"column":37}},"58":{"start":{"line":178,"column":6},"end":{"line":178,"column":30}},"59":{"start":{"line":180,"column":4},"end":{"line":180,"column":27}},"60":{"start":{"line":181,"column":4},"end":{"line":181,"column":28}},"61":{"start":{"line":182,"column":4},"end":{"line":182,"column":27}},"62":{"start":{"line":186,"column":4},"end":{"line":186,"column":32}},"63":{"start":{"line":190,"column":4},"end":{"line":196,"column":5}},"64":{"start":{"line":191,"column":6},"end":{"line":195,"column":7}},"65":{"start":{"line":192,"column":8},"end":{"line":192,"column":33}},"66":{"start":{"line":200,"column":4},"end":{"line":370,"column":6}},"67":{"start":{"line":215,"column":10},"end":{"line":217,"column":11}},"68":{"start":{"line":216,"column":12},"end":{"line":216,"column":64}},"69":{"start":{"line":218,"column":10},"end":{"line":231,"column":11}},"70":{"start":{"line":219,"column":23},"end":{"line":219,"column":40}},"71":{"start":{"line":220,"column":28},"end":{"line":220,"column":50}},"72":{"start":{"line":221,"column":25},"end":{"line":221,"column":44}},"73":{"start":{"line":222,"column":25},"end":{"line":222,"column":56}},"74":{"start":{"line":223,"column":25},"end":{"line":223,"column":57}},"75":{"start":{"line":224,"column":12},"end":{"line":227,"column":13}},"76":{"start":{"line":225,"column":27},"end":{"line":225,"column":114}},"77":{"start":{"line":226,"column":14},"end":{"line":226,"column":66}},"78":{"start":{"line":228,"column":12},"end":{"line":228,"column":115}},"79":{"start":{"line":230,"column":12},"end":{"line":230,"column":89}},"80":{"start":{"line":245,"column":10},"end":{"line":247,"column":11}},"81":{"start":{"line":246,"column":12},"end":{"line":246,"column":64}},"82":{"start":{"line":248,"column":10},"end":{"line":279,"column":11}},"83":{"start":{"line":249,"column":28},"end":{"line":249,"column":61}},"84":{"start":{"line":250,"column":27},"end":{"line":250,"column":54}},"85":{"start":{"line":251,"column":12},"end":{"line":275,"column":13}},"86":{"start":{"line":254,"column":33},"end":{"line":254,"column":60}},"87":{"start":{"line":255,"column":33},"end":{"line":255,"column":74}},"88":{"start":{"line":256,"column":14},"end":{"line":256,"column":47}},"89":{"start":{"line":257,"column":31},"end":{"line":260,"column":16}},"90":{"start":{"line":261,"column":14},"end":{"line":261,"column":31}},"91":{"start":{"line":262,"column":29},"end":{"line":262,"column":61}},"92":{"start":{"line":263,"column":29},"end":{"line":273,"column":16}},"93":{"start":{"line":264,"column":30},"end":{"line":264,"column":71}},"94":{"start":{"line":265,"column":30},"end":{"line":265,"column":84}},"95":{"start":{"line":266,"column":31},"end":{"line":266,"column":53}},"96":{"start":{"line":267,"column":16},"end":{"line":272,"column":18}},"97":{"start":{"line":274,"column":14},"end":{"line":274,"column":47}},"98":{"start":{"line":276,"column":12},"end":{"line":276,"column":117}},"99":{"start":{"line":278,"column":12},"end":{"line":278,"column":89}},"100":{"start":{"line":293,"column":10},"end":{"line":295,"column":11}},"101":{"start":{"line":294,"column":12},"end":{"line":294,"column":64}},"102":{"start":{"line":296,"column":10},"end":{"line":328,"column":11}},"103":{"start":{"line":297,"column":24},"end":{"line":297,"column":49}},"104":{"start":{"line":298,"column":12},"end":{"line":324,"column":13}},"105":{"start":{"line":301,"column":33},"end":{"line":301,"column":60}},"106":{"start":{"line":302,"column":33},"end":{"line":302,"column":74}},"107":{"start":{"line":303,"column":14},"end":{"line":303,"column":48}},"108":{"start":{"line":304,"column":31},"end":{"line":307,"column":16}},"109":{"start":{"line":308,"column":14},"end":{"line":308,"column":31}},"110":{"start":{"line":309,"column":14},"end":{"line":311,"column":15}},"111":{"start":{"line":310,"column":16},"end":{"line":310,"column":75}},"112":{"start":{"line":312,"column":26},"end":{"line":312,"column":37}},"113":{"start":{"line":313,"column":28},"end":{"line":313,"column":80}},"114":{"start":{"line":314,"column":33},"end":{"line":314,"column":70}},"115":{"start":{"line":314,"column":49},"end":{"line":314,"column":69}},"116":{"start":{"line":315,"column":31},"end":{"line":315,"column":66}},"117":{"start":{"line":315,"column":47},"end":{"line":315,"column":65}},"118":{"start":{"line":316,"column":14},"end":{"line":323,"column":16}},"119":{"start":{"line":325,"column":12},"end":{"line":325,"column":71}},"120":{"start":{"line":327,"column":12},"end":{"line":327,"column":89}},"121":{"start":{"line":345,"column":10},"end":{"line":347,"column":11}},"122":{"start":{"line":346,"column":12},"end":{"line":346,"column":64}},"123":{"start":{"line":348,"column":10},"end":{"line":367,"column":11}},"124":{"start":{"line":349,"column":30},"end":{"line":349,"column":55}},"125":{"start":{"line":350,"column":25},"end":{"line":350,"column":44}},"126":{"start":{"line":351,"column":24},"end":{"line":351,"column":48}},"127":{"start":{"line":352,"column":29},"end":{"line":352,"column":76}},"128":{"start":{"line":353,"column":25},"end":{"line":353,"column":57}},"129":{"start":{"line":354,"column":12},"end":{"line":363,"column":13}},"130":{"start":{"line":355,"column":27},"end":{"line":361,"column":16}},"131":{"start":{"line":362,"column":14},"end":{"line":362,"column":66}},"132":{"start":{"line":364,"column":12},"end":{"line":364,"column":153}},"133":{"start":{"line":366,"column":12},"end":{"line":366,"column":89}}},"fnMap":{"0":{"name":"(anonymous_0)","decl":{"start":{"line":71,"column":2},"end":{"line":71,"column":7}},"loc":{"start":{"line":71,"column":46},"end":{"line":131,"column":3}}},"1":{"name":"(anonymous_1)","decl":{"start":{"line":123,"column":35},"end":{"line":123,"column":38}},"loc":{"start":{"line":123,"column":40},"end":{"line":127,"column":7}}},"2":{"name":"(anonymous_2)","decl":{"start":{"line":124,"column":31},"end":{"line":124,"column":34}},"loc":{"start":{"line":124,"column":36},"end":{"line":126,"column":9}}},"3":{"name":"(anonymous_3)","decl":{"start":{"line":134,"column":10},"end":{"line":134,"column":15}},"loc":{"start":{"line":134,"column":25},"end":{"line":165,"column":3}}},"4":{"name":"(anonymous_4)","decl":{"start":{"line":167,"column":2},"end":{"line":167,"column":7}},"loc":{"start":{"line":167,"column":18},"end":{"line":183,"column":3}}},"5":{"name":"(anonymous_5)","decl":{"start":{"line":185,"column":2},"end":{"line":185,"column":9}},"loc":{"start":{"line":185,"column":53},"end":{"line":187,"column":3}}},"6":{"name":"(anonymous_6)","decl":{"start":{"line":189,"column":10},"end":{"line":189,"column":14}},"loc":{"start":{"line":189,"column":39},"end":{"line":197,"column":3}}},"7":{"name":"(anonymous_7)","decl":{"start":{"line":199,"column":2},"end":{"line":199,"column":10}},"loc":{"start":{"line":199,"column":10},"end":{"line":371,"column":3}}},"8":{"name":"(anonymous_8)","decl":{"start":{"line":214,"column":17},"end":{"line":214,"column":22}},"loc":{"start":{"line":214,"column":57},"end":{"line":232,"column":9}}},"9":{"name":"(anonymous_9)","decl":{"start":{"line":244,"column":17},"end":{"line":244,"column":22}},"loc":{"start":{"line":244,"column":57},"end":{"line":280,"column":9}}},"10":{"name":"(anonymous_10)","decl":{"start":{"line":263,"column":40},"end":{"line":263,"column":41}},"loc":{"start":{"line":263,"column":73},"end":{"line":273,"column":15}}},"11":{"name":"(anonymous_11)","decl":{"start":{"line":292,"column":17},"end":{"line":292,"column":22}},"loc":{"start":{"line":292,"column":57},"end":{"line":329,"column":9}}},"12":{"name":"(anonymous_12)","decl":{"start":{"line":314,"column":44},"end":{"line":314,"column":45}},"loc":{"start":{"line":314,"column":49},"end":{"line":314,"column":69}}},"13":{"name":"(anonymous_13)","decl":{"start":{"line":315,"column":42},"end":{"line":315,"column":43}},"loc":{"start":{"line":315,"column":47},"end":{"line":315,"column":65}}},"14":{"name":"(anonymous_14)","decl":{"start":{"line":344,"column":17},"end":{"line":344,"column":22}},"loc":{"start":{"line":344,"column":57},"end":{"line":368,"column":9}}}},"branchMap":{"0":{"loc":{"start":{"line":72,"column":4},"end":{"line":74,"column":5}},"type":"if","locations":[{"start":{"line":72,"column":4},"end":{"line":74,"column":5}}]},"1":{"loc":{"start":{"line":78,"column":6},"end":{"line":80,"column":7}},"type":"if","locations":[{"start":{"line":78,"column":6},"end":{"line":80,"column":7}}]},"2":{"loc":{"start":{"line":84,"column":30},"end":{"line":84,"column":55}},"type":"binary-expr","locations":[{"start":{"line":84,"column":30},"end":{"line":84,"column":46}},{"start":{"line":84,"column":50},"end":{"line":84,"column":55}}]},"3":{"loc":{"start":{"line":85,"column":30},"end":{"line":85,"column":55}},"type":"binary-expr","locations":[{"start":{"line":85,"column":30},"end":{"line":85,"column":46}},{"start":{"line":85,"column":50},"end":{"line":85,"column":55}}]},"4":{"loc":{"start":{"line":86,"column":34},"end":{"line":86,"column":70}},"type":"binary-expr","locations":[{"start":{"line":86,"column":34},"end":{"line":86,"column":62}},{"start":{"line":86,"column":66},"end":{"line":86,"column":70}}]},"5":{"loc":{"start":{"line":103,"column":6},"end":{"line":105,"column":7}},"type":"if","locations":[{"start":{"line":103,"column":6},"end":{"line":105,"column":7}}]},"6":{"loc":{"start":{"line":103,"column":10},"end":{"line":103,"column":199}},"type":"binary-expr","locations":[{"start":{"line":103,"column":10},"end":{"line":103,"column":30}},{"start":{"line":103,"column":35},"end":{"line":103,"column":70}},{"start":{"line":103,"column":75},"end":{"line":103,"column":132}},{"start":{"line":1
[...]
ne":34,"column":97}},"15":{"start":{"line":35,"column":4},"end":{"line":35,"column":67}},"16":{"start":{"line":36,"column":4},"end":{"line":36,"column":91}},"17":{"start":{"line":37,"column":4},"end":{"line":37,"column":19}},"18":{"start":{"line":39,"column":4},"end":{"line":39,"column":43}},"19":{"start":{"line":40,"column":4},"end":{"line":40,"column":155}},"20":{"start":{"line":41,"column":4},"end":{"line":41,"column":97}},"21":{"start":{"line":42,"column":4},"end":{"line":42,"column":90}},"22":{"start":{"line":43,"column":4},"end":{"line":43,"column":19}},"23":{"start":{"line":45,"column":4},"end":{"line":45,"column":36}},"24":{"start":{"line":46,"column":4},"end":{"line":46,"column":120}},"25":{"start":{"line":47,"column":4},"end":{"line":47,"column":56}},"26":{"start":{"line":48,"column":4},"end":{"line":48,"column":19}},"27":{"start":{"line":51,"column":20},"end":{"line":51,"column":41}},"28":{"start":{"line":52,"column":4},"end":{"line":70,"column":5}},"29":{"start":{"line":53,"column":6},"end":{"line":53,"column":46}},"30":{"start":{"line":54,"column":6},"end":{"line":69,"column":7}},"31":{"start":{"line":55,"column":8},"end":{"line":55,"column":39}},"32":{"start":{"line":55,"column":30},"end":{"line":55,"column":39}},"33":{"start":{"line":56,"column":8},"end":{"line":68,"column":9}},"34":{"start":{"line":57,"column":24},"end":{"line":57,"column":47}},"35":{"start":{"line":58,"column":10},"end":{"line":64,"column":11}},"36":{"start":{"line":59,"column":12},"end":{"line":59,"column":39}},"37":{"start":{"line":60,"column":12},"end":{"line":62,"column":13}},"38":{"start":{"line":61,"column":14},"end":{"line":61,"column":93}},"39":{"start":{"line":63,"column":12},"end":{"line":63,"column":27}},"40":{"start":{"line":66,"column":10},"end":{"line":66,"column":51}},"41":{"start":{"line":67,"column":10},"end":{"line":67,"column":25}},"42":{"start":{"line":73,"column":31},"end":{"line":73,"column":68}},"43":{"start":{"line":74,"column":42},"end":{"line":74,"column":44}},"44":{"start":{"line":75,"column":4},"end":{"line":80,"column":5}},"45":{"start":{"line":76,"column":20},"end":{"line":76,"column":45}},"46":{"start":{"line":77,"column":6},"end":{"line":79,"column":7}},"47":{"start":{"line":78,"column":8},"end":{"line":78,"column":92}},"48":{"start":{"line":81,"column":4},"end":{"line":85,"column":5}},"49":{"start":{"line":82,"column":6},"end":{"line":82,"column":52}},"50":{"start":{"line":83,"column":6},"end":{"line":83,"column":41}},"51":{"start":{"line":84,"column":6},"end":{"line":84,"column":21}},"52":{"start":{"line":87,"column":4},"end":{"line":87,"column":28}}},"fnMap":{"0":{"name":"(anonymous_0)","decl":{"start":{"line":12,"column":2},"end":{"line":12,"column":14}},"loc":{"start":{"line":12,"column":56},"end":{"line":15,"column":3}}},"1":{"name":"(anonymous_1)","decl":{"start":{"line":18,"column":2},"end":{"line":18,"column":7}},"loc":{"start":{"line":18,"column":15},"end":{"line":88,"column":3}}}},"branchMap":{"0":{"loc":{"start":{"line":52,"column":4},"end":{"line":70,"column":5}},"type":"if","locations":[{"start":{"line":52,"column":4},"end":{"line":70,"column":5}}]},"1":{"loc":{"start":{"line":55,"column":8},"end":{"line":55,"column":39}},"type":"if","locations":[{"start":{"line":55,"column":8},"end":{"line":55,"column":39}}]},"2":{"loc":{"start":{"line":58,"column":10},"end":{"line":64,"column":11}},"type":"if","locations":[{"start":{"line":58,"column":10},"end":{"line":64,"column":11}}]},"3":{"loc":{"start":{"line":61,"column":56},"end":{"line":61,"column":89}},"type":"binary-expr","locations":[{"start":{"line":61,"column":56},"end":{"line":61,"column":69}},{"start":{"line":61,"column":73},"end":{"line":61,"column":89}}]},"4":{"loc":{"start":{"line":81,"column":4},"end":{"line":85,"column":5}},"type":"if","locations":[{"start":{"line":81,"column":4},"end":{"line":85,"column":5}}]}},"s":{"0":28,"1":28,"2":11,"3":11,"4":11,"5":11,"6":11,"7":11,"8":11,"9":11,"10":11,"11":11,"12":11,"13":11,"14":11,"15":11,"16":11,"17":11,"18":11,"19":11,"20":11,"21":11,"22":11,"23":11,"24":11,"25":11,"26":11,"27":11,"28":11,"29":3,"30":3,"31":3,"32":1,"33":2,"34":2,"35":1,"36":1,"37":1,"38":2,"39":1,"40":1,"41":1,"42":11,"43":11,"44":11,"45":1,"46":1,"47":1,"48":11,"49":1,"50":1,"51":1,"52":11},"f":{"0":28,"1":11},"b":{"0":[3],"1":[1],"2":[1],"3":[2,0],"4":[1]}}
,"/Users/teodorwaltervido/Desktop/service/src/tools/mcp-management-tools.ts": {"path":"/Users/teodorwaltervido/Desktop/service/src/tools/mcp-management-tools.ts","statementMap":{"0":{"start":{"line":21,"column":4},"end":{"line":21,"column":19}},"1":{"start":{"line":22,"column":4},"end":{"line":22,"column":23}},"2":{"start":{"line":31,"column":15},"end":{"line":31,"column":27}},"3":{"start":{"line":32,"column":4},"end":{"line":32,"column":68}},"4":{"start":{"line":33,"column":4},"end":{"line":39,"column":5}},"5":{"start":{"line":34,"column":29},"end":{"line":34,"column":81}},"6":{"start":{"line":35,"column":6},"end":{"line":35,"column":47}},"7":{"start":{"line":37,"column":6},"end":{"line":37,"column":69}},"8":{"start":{"line":38,"column":6},"end":{"line":38,"column":18}},"9":{"start":{"line":44,"column":4},"end":{"line":44,"column":39}},"10":{"start":{"line":45,"column":4},"end":{"line":45,"column":39}},"11":{"start":{"line":46,"column":4},"end":{"line":46,"column":29}},"12":{"start":{"line":51,"column":20},"end":{"line":51,"column":41}},"13":{"start":{"line":52,"column":40},"end":{"line":52,"column":42}},"14":{"start":{"line":53,"column":4},"end":{"line":59,"column":5}},"15":{"start":{"line":54,"column":6},"end":{"line":58,"column":9}},"16":{"start":{"line":60,"column":4},"end":{"line":60,"column":18}}},"fnMap":{"0":{"name":"(anonymous_0)","decl":{"start":{"line":20,"column":2},"end":{"line":20,"column":14}},"loc":{"start":{"line":20,"column":51},"end":{"line":23,"column":3}}},"1":{"name":"(anonymous_1)","decl":{"start":{"line":26,"column":2},"end":{"line":26,"column":7}},"loc":{"start":{"line":26,"column":69},"end":{"line":40,"column":3}}},"2":{"name":"(anonymous_2)","decl":{"start":{"line":43,"column":2},"end":{"line":43,"column":7}},"loc":{"start":{"line":43,"column":32},"end":{"line":47,"column":3}}},"3":{"name":"(anonymous_3)","decl":{"start":{"line":50,"column":2},"end":{"line":50,"column":19}},"loc":{"start":{"line":50,"column":19},"end":{"line":61,"column":3}}}},"branchMap":{"0":{"loc":{"start":{"line":26,"column":50},"end":{"line":26,"column":69}},"type":"default-arg","locations":[{"start":{"line":26,"column":67},"end":{"line":26,"column":69}}]}},"s":{"0":25,"1":25,"2":2,"3":2,"4":2,"5":2,"6":1,"7":1,"8":1,"9":3,"10":3,"11":3,"12":4,"13":4,"14":4,"15":1,"16":4},"f":{"0":25,"1":2,"2":3,"3":4},"b":{"0":[0]}}
,"/Users/teodorwaltervido/Desktop/service/src/tools/memory-tools.ts": {"path":"/Users/teodorwaltervido/Desktop/service/src/tools/memory-tools.ts","statementMap":{"0":{"start":{"line":19,"column":4},"end":{"line":19,"column":17}},"1":{"start":{"line":24,"column":16},"end":{"line":24,"column":40}},"2":{"start":{"line":25,"column":4},"end":{"line":29,"column":34}},"3":{"start":{"line":30,"column":4},"end":{"line":30,"column":34}},"4":{"start":{"line":35,"column":16},"end":{"line":37,"column":37}},"5":{"start":{"line":38,"column":4},"end":{"line":38,"column":23}},"6":{"start":{"line":43,"column":4},"end":{"line":45,"column":25}},"7":{"start":{"line":50,"column":19},"end":{"line":52,"column":14}},"8":{"start":{"line":53,"column":4},"end":{"line":53,"column":30}}},"fnMap":{"0":{"name":"(anonymous_0)","decl":{"start":{"line":18,"column":2},"end":{"line":18,"column":14}},"loc":{"start":{"line":18,"column":35},"end":{"line":20,"column":3}}},"1":{"name":"(anonymous_1)","decl":{"start":{"line":23,"column":2},"end":{"line":23,"column":10}},"loc":{"start":{"line":23,"column":39},"end":{"line":31,"column":3}}},"2":{"name":"(anonymous_2)","decl":{"start":{"line":34,"column":2},"end":{"line":34,"column":9}},"loc":{"start":{"line":34,"column":21},"end":{"line":39,"column":3}}},"3":{"name":"(anonymous_3)","decl":{"start":{"line":42,"column":2},"end":{"line":42,"column":11}},"loc":{"start":{"line":42,"column":11},"end":{"line":46,"column":3}}},"4":{"name":"(anonymous_4)","decl":{"start":{"line":49,"column":2},"end":{"line":49,"column":12}},"loc":{"start":{"line":49,"column":24},"end":{"line":54,"column":3}}}},"branchMap":{"0":{"loc":{"start":{"line":38,"column":11},"end":{"line":38,"column":22}},"type":"binary-expr","locations":[{"start":{"line":38,"column":11},"end":{"line":38,"column":14}},{"start":{"line":38,"column":18},"end":{"line":38,"column":22}}]}},"s":{"0":28,"1":13,"2":13,"3":13,"4":8,"5":8,"6":3,"7":3,"8":3},"f":{"0":28,"1":13,"2":8,"3":3,"4":3},"b":{"0":[8,3]}}
,"/Users/teodorwaltervido/Desktop/service/src/tools/platform-tools.ts": {"path":"/Users/teodorwaltervido/Desktop/service/src/tools/platform-tools.ts","statementMap":{"0":{"start":{"line":12,"column":55},"end":{"line":12,"column":64}},"1":{"start":{"line":14,"column":36},"end":{"line":14,"column":45}},"2":{"start":{"line":16,"column":51},"end":{"line":16,"column":60}},"3":{"start":{"line":19,"column":4},"end":{"line":19,"column":29}},"4":{"start":{"line":24,"column":4},"end":{"line":24,"column":29}},"5":{"start":{"line":26,"column":4},"end":{"line":26,"column":37}},"6":{"start":{"line":31,"column":4},"end":{"line":31,"column":32}},"7":{"start":{"line":40,"column":4},"end":{"line":40,"column":47}},"8":{"start":{"line":41,"column":4},"end":{"line":41,"column":27}},"9":{"start":{"line":49,"column":19},"end":{"line":49,"column":53}},"10":{"start":{"line":50,"column":4},"end":{"line":53,"column":5}},"11":{"start":{"line":51,"column":6},"end":{"line":51,"column":32}},"12":{"start":{"line":52,"column":6},"end":{"line":52,"column":44}},"13":{"start":{"line":61,"column":4},"end":{"line":86,"column":5}},"14":{"start":{"line":62,"column":20},"end":{"line":62,"column":45}},"15":{"start":{"line":63,"column":6},"end":{"line":85,"column":7}},"16":{"start":{"line":64,"column":25},"end":{"line":64,"column":54}},"17":{"start":{"line":65,"column":8},"end":{"line":84,"column":9}},"18":{"start":{"line":66,"column":10},"end":{"line":81,"column":12}},"19":{"start":{"line":73,"column":29},"end":{"line":73,"column":53}},"20":{"start":{"line":74,"column":14},"end":{"line":79,"column":16}},"21":{"start":{"line":94,"column":19},"end":{"line":94,"column":72}},"22":{"start":{"line":95,"column":4},"end":{"line":95,"column":24}},"23":{"start":{"line":95,"column":17},"end":{"line":95,"column":24}},"24":{"start":{"line":97,"column":18},"end":{"line":97,"column":43}},"25":{"start":{"line":98,"column":38},"end":{"line":98,"column":40}},"26":{"start":{"line":100,"column":4},"end":{"line":125,"column":5}},"27":{"start":{"line":101,"column":6},"end":{"line":124,"column":7}},"28":{"start":{"line":102,"column":25},"end":{"line":102,"column":54}},"29":{"start":{"line":103,"column":8},"end":{"line":123,"column":9}},"30":{"start":{"line":104,"column":25},"end":{"line":118,"column":null}},"31":{"start":{"line":111,"column":29},"end":{"line":111,"column":53}},"32":{"start":{"line":112,"column":14},"end":{"line":117,"column":16}},"33":{"start":{"line":120,"column":10},"end":{"line":120,"column":31}},"34":{"start":{"line":127,"column":4},"end":{"line":129,"column":5}},"35":{"start":{"line":128,"column":6},"end":{"line":128,"column":48}},"36":{"start":{"line":137,"column":20},"end":{"line":137,"column":52}},"37":{"start":{"line":138,"column":4},"end":{"line":143,"column":5}},"38":{"start":{"line":139,"column":6},"end":{"line":141,"column":7}},"39":{"start":{"line":140,"column":8},"end":{"line":140,"column":55}},"40":{"start":{"line":140,"column":14},"end":{"line":140,"column":30}},"41":{"start":{"line":142,"column":6},"end":{"line":142,"column":42}},"42":{"start":{"line":148,"column":16},"end":{"line":148,"column":17}},"43":{"start":{"line":149,"column":4},"end":{"line":151,"column":5}},"44":{"start":{"line":150,"column":6},"end":{"line":150,"column":30}},"45":{"start":{"line":152,"column":4},"end":{"line":152,"column":17}}},"fnMap":{"0":{"name":"(anonymous_0)","decl":{"start":{"line":18,"column":2},"end":{"line":18,"column":14}},"loc":{"start":{"line":18,"column":43},"end":{"line":20,"column":3}}},"1":{"name":"(anonymous_1)","decl":{"start":{"line":23,"column":2},"end":{"line":23,"column":11}},"loc":{"start":{"line":23,"column":29},"end":{"line":27,"column":3}}},"2":{"name":"(anonymous_2)","decl":{"start":{"line":30,"column":2},"end":{"line":30,"column":14}},"loc":{"start":{"line":30,"column":32},"end":{"line":32,"column":3}}},"3":{"name":"(anonymous_3)","decl":{"start":{"line":39,"column":2},"end":{"line":39,"column":17}},"loc":{"start":{"line":39,"column":54},"end":{"line":42,"column":3}}},"4":{"name":"(anonymous_4)","decl":{"start":{"line":48,"column":2},"end":{"line":48,"column":19}},"loc":{"start":{"line":48,"column":37},"end":{"line":54,"column":3}}},"5":{"name":"(anonymous_5)","decl":{"start":{"line":60,"column":10},"end":{"line":60,"column":29}},"loc":{"start":{"line":60,"column":47},"end":{"line":87,"column":3}}},"6":{"name":"(anonymous_6)","decl":{"start":{"line":72,"column":12},"end":{"line":72,"column":17}},"loc":{"start":{"line":72,"column":52},"end":{"line":80,"column":13}}},"7":{"name":"(anonymous_7)","decl":{"start":{"line":93,"column":2},"end":{"line":93,"column":26}},"loc":{"start":{"line":93,"column":45},"end":{"line":130,"column":3}}},"8":{"name":"(anonymous_8)","decl":{"start":{"line":110,"column":12},"end":{"line":110,"column":17}},"loc":{"start":{"line":110,"column":52},"end":{"line":118,"column":13}}},"9":{"name":"(anonymous_9)","decl":{"start":{"line":136,"column":2},"end":{"line":136,"column":28}},"loc":{"start":{"line":136,"column":47},"end":{"line":144,"column":3}}},"10":{"name":"(anonymous_10)","decl":{"start":{"line":147,"column":2},"end":{"line":147,"column":14}},"loc":{"start":{"line":147,"column":14},"end":{"line":153,"column":3}}}},"branchMap":{"0":{"loc":{"start":{"line":50,"column":4},"end":{"line":53,"column":5}},"type":"if","locations":[{"start":{"line":50,"column":4},"end":{"line":53,"column":5}}]},"1":{"loc":{"start":{"line":77,"column":24},"end":{"line":77,"column":93}},"type":"cond-expr","locations":[{"start":{"line":77,"column":53},"end":{"line":77,"column":59}},{"start":{"line":77,"column":62},"end":{"line":77,"column":93}}]},"2":{"loc":{"start":{"line":95,"column":4},"end":{"line":95,"column":24}},"type":"if","locations":[{"start":{"line":95,"column":4},"end":{"line":95,"column":24}}]},"3":{"loc":{"start":{"line":115,"column":24},"end":{"line":115,"column":93}},"type":"cond-expr","locations":[{"start":{"line":115,"column":53},"end":{"line":115,"column":59}},{"start":{"line":115,"column":62},"end":{"line":115,"column":93}}]},"4":{"loc":{"start":{"line":127,"column":4},"end":{"line":129,"column":5}},"type":"if","locations":[{"start":{"line":127,"column":4},"end":{"line":129,"column":5}}]},"5":{"loc":{"start":{"line":138,"column":4},"end":{"line":143,"column":5}},"type":"if","locations":[{"start":{"line":138,"column":4},"end":{"line":143,"column":5}}]}},"s":{"0":12,"1":12,"2":12,"3":12,"4":9,"5":9,"6":9,"7":1,"8":1,"9":3,"10":3,"11":1,"12":1,"13":9,"14":5,"15":5,"16":3,"17":3,"18":3,"19":0,"20":0,"21":4,"22":4,"23":1,"24":3,"25":3,"26":3,"27":3,"28":3,"29":3,"30":3,"31":0,"32":0,"33":3,"34":3,"35":2,"36":4,"37":4,"38":2,"39":3,"40":3,"41":2,"42":10,"43":10,"44":2,"45":10},"f":{"0":12,"1":9,"2":9,"3":1,"4":3,"5":9,"6":0,"7":4,"8":0,"9":4,"10":10},"b":{"0":[1],"1":[0,0],"2":[1],"3":[0,0],"4":[2],"5":[2]}}
,"/Users/teodorwaltervido/Desktop/service/src/tools/search-tools.ts": {"path":"/Users/teodorwaltervido/Desktop/service/src/tools/search-tools.ts","statementMap":{"0":{"start":{"line":12,"column":4},"end":{"line":12,"column":23}},"1":{"start":{"line":17,"column":4},"end":{"line":17,"column":43}}},"fnMap":{"0":{"name":"(anonymous_0)","decl":{"start":{"line":11,"column":2},"end":{"line":11,"column":14}},"loc":{"start":{"line":11,"column":38},"end":{"line":13,"column":3}}},"1":{"name":"(anonymous_1)","decl":{"start":{"line":16,"column":2},"end":{"line":16,"column":21}},"loc":{"start":{"line":16,"column":55},"end":{"line":18,"column":3}}}},"branchMap":{"0":{"loc":{"start":{"line":16,"column":37},"end":{"line":16,"column":55}},"type":"default-arg","locations":[{"start":{"line":16,"column":53},"end":{"line":16,"column":55}}]}},"s":{"0":23,"1":7},"f":{"0":23,"1":7},"b":{"0":[4]}}
,"/Users/teodorwaltervido/Desktop/service/src/tools/status-tools.ts": {"path":"/Users/teodorwaltervido/Desktop/service/src/tools/status-tools.ts","statementMap":{"0":{"start":{"line":37,"column":4},"end":{"line":37,"column":24}},"1":{"start":{"line":38,"column":4},"end":{"line":38,"column":34}},"2":{"start":{"line":39,"column":4},"end":{"line":39,"column":40}},"3":{"start":{"line":40,"column":4},"end":{"line":40,"column":36}},"4":{"start":{"line":41,"column":4},"end":{"line":41,"column":32}},"5":{"start":{"line":46,"column":19},"end":{"line":46,"column":77}},"6":{"start":{"line":48,"column":92},"end":{"line":48,"column":94}},"7":{"start":{"line":49,"column":4},"end":{"line":56,"column":5}},"8":{"start":{"line":50,"column":6},"end":{"line":55,"column":9}},"9":{"start":{"line":58,"column":74},"end":{"line":58,"column":76}},"10":{"start":{"line":59,"column":4},"end":{"line":65,"column":5}},"11":{"start":{"line":60,"column":6},"end":{"line":64,"column":9}},"12":{"start":{"line":67,"column":4},"end":{"line":78,"column":6}}},"fnMap":{"0":{"name":"(anonymous_0)","decl":{"start":{"line":30,"column":2},"end":{"line":30,"column":14}},"loc":{"start":{"line":36,"column":3},"end":{"line":42,"column":3}}},"1":{"name":"(anonymous_1)","decl":{"start":{"line":45,"column":2},"end":{"line":45,"column":11}},"loc":{"start":{"line":45,"column":11},"end":{"line":79,"column":3}}}},"branchMap":{},"s":{"0":28,"1":28,"2":28,"3":28,"4":28,"5":11,"6":11,"7":11,"8":1,"9":11,"10":11,"11":1,"12":11},"f":{"0":28,"1":11},"b":{}}
,"/Users/teodorwaltervido/Desktop/service/src/utils/config-validator.ts": {"path":"/Users/teodorwaltervido/Desktop/service/src/utils/config-validator.ts","statementMap":{"0":{"start":{"line":8,"column":12},"end":{"line":13,"column":57}},"1":{"start":{"line":23,"column":19},"end":{"line":23,"column":38}},"2":{"start":{"line":24,"column":16},"end":{"line":24,"column":32}},"3":{"start":{"line":26,"column":2},"end":{"line":28,"column":3}},"4":{"start":{"line":27,"column":4},"end":{"line":27,"column":39}},"5":{"start":{"line":30,"column":17},"end":{"line":31,"column":null}},"6":{"start":{"line":31,"column":13},"end":{"line":31,"column":69}},"7":{"start":{"line":34,"column":2},"end":{"line":34,"column":34}}},"fnMap":{"0":{"name":"validateIntegrationConfig","decl":{"start":{"line":19,"column":16},"end":{"line":19,"column":41}},"loc":{"start":{"line":21,"column":20},"end":{"line":35,"column":1}}},"1":{"name":"(anonymous_1)","decl":{"start":{"line":31,"column":4},"end":{"line":31,"column":5}},"loc":{"start":{"line":31,"column":13},"end":{"line":31,"column":69}}}},"branchMap":{"0":{"loc":{"start":{"line":26,"column":2},"end":{"line":28,"column":3}},"type":"if","locations":[{"start":{"line":26,"column":2},"end":{"line":28,"column":3}}]},"1":{"loc":{"start":{"line":30,"column":18},"end":{"line":30,"column":39}},"type":"binary-expr","locations":[{"start":{"line":30,"column":18},"end":{"line":30,"column":33}},{"start":{"line":30,"column":37},"end":{"line":30,"column":39}}]},"2":{"loc":{"start":{"line":31,"column":16},"end":{"line":31,"column":39}},"type":"binary-expr","locations":[{"start":{"line":31,"column":16},"end":{"line":31,"column":32}},{"start":{"line":31,"column":36},"end":{"line":31,"column":39}}]},"3":{"loc":{"start":{"line":31,"column":43},"end":{"line":31,"column":67}},"type":"binary-expr","locations":[{"start":{"line":31,"column":43},"end":{"line":31,"column":54}},{"start":{"line":31,"column":58},"end":{"line":31,"column":67}}]}},"s":{"0":4,"1":9,"2":9,"3":9,"4":7,"5":2,"6":2,"7":2},"f":{"0":9,"1":2},"b":{"0":[7],"1":[2,0],"2":[2,1],"3":[2,0]}}
}
