TN:
SF:src/api/admin.ts
FN:17,createAdminRouter
FN:31,(anonymous_1)
FN:40,(anonymous_2)
FN:54,(anonymous_3)
FN:60,(anonymous_4)
FN:71,(anonymous_5)
FN:78,(anonymous_6)
FN:89,(anonymous_7)
FN:102,(anonymous_8)
FN:110,(anonymous_9)
FN:116,(anonymous_10)
FN:130,(anonymous_11)
FN:163,(anonymous_12)
FN:176,(anonymous_13)
FN:189,(anonymous_14)
FN:204,(anonymous_15)
FN:237,(anonymous_16)
FN:242,(anonymous_17)
FN:272,(anonymous_18)
FNF:19
FNH:17
FNDA:23,createAdminRouter
FNDA:1,(anonymous_1)
FNDA:2,(anonymous_2)
FNDA:3,(anonymous_3)
FNDA:0,(anonymous_4)
FNDA:1,(anonymous_5)
FNDA:5,(anonymous_6)
FNDA:4,(anonymous_7)
FNDA:2,(anonymous_8)
FNDA:3,(anonymous_9)
FNDA:9,(anonymous_10)
FNDA:18,(anonymous_11)
FNDA:2,(anonymous_12)
FNDA:2,(anonymous_13)
FNDA:3,(anonymous_14)
FNDA:7,(anonymous_15)
FNDA:2,(anonymous_16)
FNDA:1,(anonymous_17)
FNDA:0,(anonymous_18)
DA:25,23
DA:26,23
DA:31,23
DA:32,1
DA:40,23
DA:41,2
DA:42,2
DA:43,2
DA:44,2
DA:54,3
DA:60,0
DA:71,23
DA:72,1
DA:78,23
DA:79,5
DA:80,5
DA:81,5
DA:82,5
DA:84,5
DA:85,5
DA:89,23
DA:90,4
DA:91,4
DA:92,4
DA:93,2
DA:95,2
DA:102,23
DA:103,2
DA:104,2
DA:110,23
DA:111,3
DA:112,3
DA:116,23
DA:117,9
DA:123,9
DA:124,3
DA:125,3
DA:129,6
DA:130,18
DA:131,6
DA:132,2
DA:136,2
DA:140,4
DA:141,4
DA:142,4
DA:143,0
DA:147,0
DA:150,4
DA:152,4
DA:153,4
DA:154,4
DA:156,0
DA:163,23
DA:164,2
DA:165,2
DA:166,2
DA:167,2
DA:169,0
DA:176,23
DA:177,2
DA:178,2
DA:179,2
DA:180,1
DA:182,1
DA:189,23
DA:190,3
DA:191,3
DA:192,3
DA:193,3
DA:195,0
DA:204,23
DA:205,7
DA:206,7
DA:209,7
DA:210,7
DA:211,0
DA:212,0
DA:213,0
DA:217,7
DA:219,7
DA:229,7
DA:230,7
DA:231,7
DA:237,23
DA:238,2
DA:242,23
DA:243,1
DA:244,0
DA:245,0
DA:247,1
DA:253,1
DA:254,1
DA:255,1
DA:258,0
DA:259,0
DA:261,0
DA:262,0
DA:263,0
DA:264,0
DA:266,0
DA:267,0
DA:272,23
DA:273,0
DA:274,0
DA:275,0
DA:277,0
DA:278,0
DA:279,0
DA:280,0
DA:281,0
DA:283,0
DA:287,23
LF:112
LH:84
BRDA:52,0,0,1
BRDA:52,0,1,1
BRDA:79,1,0,0
BRDA:79,1,1,5
BRDA:80,2,0,5
BRDA:80,2,1,0
BRDA:81,3,0,1
BRDA:81,3,1,4
BRDA:84,4,0,5
BRDA:84,4,1,4
BRDA:92,5,0,2
BRDA:92,5,1,2
BRDA:123,6,0,3
BRDA:123,7,0,9
BRDA:123,7,1,8
BRDA:131,8,0,2
BRDA:140,9,0,4
BRDA:140,9,1,0
BRDA:142,10,0,0
BRDA:157,11,0,0
BRDA:157,11,1,0
BRDA:170,12,0,0
BRDA:170,12,1,0
BRDA:183,13,0,1
BRDA:183,13,1,0
BRDA:196,14,0,0
BRDA:196,14,1,0
BRDA:210,15,0,0
BRDA:210,16,0,7
BRDA:210,16,1,0
BRDA:222,17,0,7
BRDA:222,17,1,7
BRDA:223,18,0,7
BRDA:223,18,1,0
BRDA:224,19,0,7
BRDA:224,19,1,0
BRDA:224,19,2,0
BRDA:243,20,0,0
BRDA:253,21,0,1
BRDA:253,22,0,1
BRDA:253,22,1,1
BRDA:258,23,0,0
BRDA:258,23,1,0
BRDA:267,24,0,0
BRDA:267,24,1,0
BRDA:273,25,0,0
BRDA:283,26,0,0
BRDA:283,26,1,0
BRF:48
BRH:24
end_of_record
TN:
SF:src/daemon/manager.ts
FN:32,(anonymous_0)
FN:37,(anonymous_1)
FN:42,(anonymous_2)
FN:48,(anonymous_3)
FN:54,(anonymous_4)
FN:67,(anonymous_5)
FN:77,(anonymous_6)
FN:90,(anonymous_7)
FN:101,(anonymous_8)
FN:120,(anonymous_9)
FN:134,(anonymous_10)
FNF:11
FNH:11
FNDA:1,(anonymous_0)
FNDA:2,(anonymous_1)
FNDA:5,(anonymous_2)
FNDA:3,(anonymous_3)
FNDA:11,(anonymous_4)
FNDA:5,(anonymous_5)
FNDA:9,(anonymous_6)
FNDA:5,(anonymous_7)
FNDA:2,(anonymous_8)
FNDA:5,(anonymous_9)
FNDA:3,(anonymous_10)
DA:7,2
DA:8,2
DA:9,2
DA:33,1
DA:38,2
DA:43,5
DA:44,5
DA:49,3
DA:50,3
DA:55,11
DA:56,11
DA:57,4
DA:58,4
DA:59,4
DA:60,4
DA:62,0
DA:68,5
DA:69,5
DA:70,3
DA:72,2
DA:78,9
DA:79,9
DA:80,3
DA:81,3
DA:83,1
DA:84,1
DA:86,2
DA:91,5
DA:92,5
DA:93,2
DA:102,2
DA:103,2
DA:104,2
DA:107,0
DA:108,0
DA:109,0
DA:110,0
DA:112,0
DA:121,5
DA:122,5
DA:123,5
DA:124,5
DA:125,5
DA:127,5
DA:128,4
DA:129,3
DA:130,2
DA:135,3
DA:136,3
DA:137,2
DA:145,1
DA:146,1
DA:147,1
DA:153,1
DA:154,1
DA:155,1
DA:156,1
DA:160,1
DA:161,1
DA:162,1
DA:169,1
DA:170,1
DA:171,1
DA:175,0
DA:180,0
DA:181,0
DA:182,0
DA:185,1
LF:68
LH:58
BRDA:50,0,0,3
BRDA:50,0,1,0
BRDA:56,1,0,7
BRDA:59,2,0,0
BRDA:79,3,0,6
BRDA:81,4,0,1
BRDA:92,5,0,2
BRDA:103,6,0,2
BRDA:103,7,0,2
BRDA:103,7,1,0
BRDA:114,8,0,0
BRDA:114,8,1,0
BRDA:127,9,0,1
BRDA:128,10,0,1
BRDA:129,11,0,1
BRDA:136,12,0,2
BRDA:160,13,0,1
BRDA:170,14,0,1
BRDA:170,14,1,0
BRDA:194,15,0,1
BRDA:194,15,1,0
BRDA:195,16,0,1
BRDA:195,16,1,0
BRF:23
BRH:15
end_of_record
TN:
SF:src/db/database.ts
FN:15,(anonymous_0)
FN:30,(anonymous_1)
FN:35,(anonymous_2)
FN:42,(anonymous_3)
FN:50,(anonymous_4)
FN:58,(anonymous_5)
FNF:6
FNH:6
FNDA:117,(anonymous_0)
FNDA:117,(anonymous_1)
FNDA:1053,(anonymous_2)
FNDA:2,(anonymous_3)
FNDA:212,(anonymous_4)
FNDA:117,(anonymous_5)
DA:13,13
DA:16,117
DA:17,117
DA:19,117
DA:20,117
DA:23,117
DA:24,117
DA:26,117
DA:31,117
DA:34,117
DA:35,1053
DA:36,117
DA:37,0
DA:43,2
DA:44,1
DA:46,2
DA:51,212
DA:52,1
DA:53,1
DA:59,117
LF:20
LH:19
BRDA:19,0,0,117
BRDA:19,0,1,0
BRDA:36,1,0,0
BRDA:43,2,0,1
BRDA:51,3,0,1
BRF:5
BRH:3
end_of_record
TN:
SF:src/db/schema.ts
FNF:0
FNH:0
DA:6,15
DA:85,15
LF:2
LH:2
BRF:0
BRH:0
end_of_record
TN:
SF:src/gateway/event-bus.ts
FN:15,(anonymous_0)
FN:21,(anonymous_1)
FN:29,(anonymous_2)
FN:37,(anonymous_3)
FNF:4
FNH:4
FNDA:89,(anonymous_0)
FNDA:89,(anonymous_1)
FNDA:169,(anonymous_2)
FNDA:8,(anonymous_3)
DA:13,11
DA:16,89
DA:17,89
DA:22,89
DA:23,89
DA:25,89
DA:30,169
DA:31,89
DA:32,89
DA:38,8
LF:10
LH:10
BRDA:22,0,0,89
BRDA:30,1,0,89
BRF:2
BRH:2
end_of_record
TN:
SF:src/gateway/notification-store.ts
FN:18,(anonymous_0)
FN:24,(anonymous_1)
FN:35,(anonymous_2)
FN:45,(anonymous_3)
FN:55,(anonymous_4)
FN:78,(anonymous_5)
FN:97,(anonymous_6)
FN:105,(anonymous_7)
FN:119,(anonymous_8)
FN:130,(anonymous_9)
FN:146,(anonymous_10)
FN:154,(anonymous_11)
FN:168,(anonymous_12)
FN:175,(anonymous_13)
FN:198,(anonymous_14)
FN:207,(anonymous_15)
FN:212,(anonymous_16)
FN:217,(anonymous_17)
FN:235,(anonymous_18)
FNF:19
FNH:19
FNDA:108,(anonymous_0)
FNDA:108,(anonymous_1)
FNDA:18,(anonymous_2)
FNDA:3,(anonymous_3)
FNDA:55,(anonymous_4)
FNDA:11,(anonymous_5)
FNDA:9,(anonymous_6)
FNDA:4,(anonymous_7)
FNDA:8,(anonymous_8)
FNDA:18,(anonymous_9)
FNDA:18,(anonymous_10)
FNDA:6,(anonymous_11)
FNDA:1,(anonymous_12)
FNDA:10,(anonymous_13)
FNDA:5,(anonymous_14)
FNDA:3,(anonymous_15)
FNDA:3,(anonymous_16)
FNDA:9,(anonymous_17)
FNDA:4,(anonymous_18)
DA:8,13
DA:9,13
DA:19,108
DA:20,108
DA:25,108
DA:26,108
DA:27,108
DA:29,0
DA:30,0
DA:31,0
DA:36,18
DA:37,18
DA:38,18
DA:39,18
DA:41,18
DA:46,3
DA:47,3
DA:48,3
DA:49,3
DA:50,3
DA:51,3
DA:56,55
DA:57,55
DA:58,55
DA:60,55
DA:65,55
DA:79,11
DA:80,11
DA:82,11
DA:83,3
DA:84,3
DA:86,11
DA:87,2
DA:90,11
DA:91,11
DA:93,11
DA:98,9
DA:101,9
DA:106,4
DA:107,4
DA:109,4
DA:110,2
DA:111,2
DA:114,4
DA:115,4
DA:120,8
DA:137,18
DA:138,18
DA:139,18
DA:147,18
DA:148,18
DA:155,6
DA:159,6
DA:160,3
DA:161,3
DA:163,0
DA:169,1
DA:184,10
DA:199,5
DA:200,5
DA:208,3
DA:213,3
DA:226,9
DA:235,9
LF:64
LH:60
BRDA:26,0,0,108
BRDA:56,1,0,55
BRDA:56,1,1,0
BRDA:57,2,0,1
BRDA:57,2,1,54
BRDA:58,3,0,55
BRDA:58,3,1,0
BRDA:78,4,0,0
BRDA:82,5,0,3
BRDA:86,6,0,2
BRDA:86,7,0,11
BRDA:86,7,1,2
BRDA:109,8,0,2
BRDA:119,9,0,1
BRDA:135,10,0,4
BRDA:150,11,0,18
BRDA:150,11,1,18
BRDA:159,12,0,3
BRDA:159,13,0,6
BRDA:159,13,1,3
BRF:20
BRH:17
end_of_record
TN:
SF:src/gateway/push-manager.ts
FN:21,(anonymous_0)
FN:23,(anonymous_1)
FN:29,(anonymous_2)
FN:44,(anonymous_3)
FN:56,(anonymous_4)
FN:64,(anonymous_5)
FN:73,(anonymous_6)
FN:86,(anonymous_7)
FN:91,(anonymous_8)
FNF:9
FNH:8
FNDA:59,(anonymous_0)
FNDA:8,(anonymous_1)
FNDA:12,(anonymous_2)
FNDA:0,(anonymous_3)
FNDA:2,(anonymous_4)
FNDA:2,(anonymous_5)
FNDA:10,(anonymous_6)
FNDA:18,(anonymous_7)
FNDA:60,(anonymous_8)
DA:18,59
DA:22,59
DA:23,59
DA:24,8
DA:30,12
DA:33,12
DA:41,12
DA:44,12
DA:45,0
DA:46,0
DA:48,0
DA:52,12
DA:53,12
DA:56,12
DA:57,2
DA:60,12
DA:65,2
DA:66,2
DA:67,1
DA:68,1
DA:74,10
DA:76,10
DA:77,4
DA:78,4
DA:80,0
DA:87,18
DA:92,60
DA:93,11
DA:94,11
DA:95,11
DA:100,60
LF:31
LH:27
BRDA:66,0,0,1
BRF:1
BRH:1
end_of_record
TN:
SF:src/integrations/registry.ts
FN:42,(anonymous_0)
FN:48,(anonymous_1)
FN:49,(anonymous_2)
FN:50,(anonymous_3)
FN:51,(anonymous_4)
FN:52,(anonymous_5)
FN:53,(anonymous_6)
FN:57,(anonymous_7)
FN:62,(anonymous_8)
FN:67,(anonymous_9)
FN:82,(anonymous_10)
FN:101,(anonymous_11)
FN:147,(anonymous_12)
FN:162,(anonymous_13)
FN:167,(anonymous_14)
FN:175,(anonymous_15)
FN:193,(anonymous_16)
FN:202,(anonymous_17)
FN:214,(anonymous_18)
FN:221,(anonymous_19)
FN:226,(anonymous_20)
FNF:21
FNH:18
FNDA:81,(anonymous_0)
FNDA:17,(anonymous_1)
FNDA:14,(anonymous_2)
FNDA:9,(anonymous_3)
FNDA:9,(anonymous_4)
FNDA:9,(anonymous_5)
FNDA:9,(anonymous_6)
FNDA:0,(anonymous_7)
FNDA:3,(anonymous_8)
FNDA:9,(anonymous_9)
FNDA:14,(anonymous_10)
FNDA:0,(anonymous_11)
FNDA:15,(anonymous_12)
FNDA:9,(anonymous_13)
FNDA:49,(anonymous_14)
FNDA:5,(anonymous_15)
FNDA:4,(anonymous_16)
FNDA:4,(anonymous_17)
FNDA:3,(anonymous_18)
FNDA:0,(anonymous_19)
FNDA:50,(anonymous_20)
DA:37,81
DA:38,81
DA:43,81
DA:44,81
DA:45,81
DA:48,81
DA:49,81
DA:50,81
DA:51,81
DA:52,81
DA:53,81
DA:58,0
DA:63,3
DA:68,9
DA:69,9
DA:70,54
DA:71,54
DA:78,9
DA:88,14
DA:89,14
DA:90,1
DA:94,13
DA:95,0
DA:98,13
DA:101,13
DA:103,0
DA:105,0
DA:107,0
DA:111,13
DA:119,13
DA:121,13
DA:124,0
DA:129,0
DA:133,13
DA:135,13
DA:143,13
DA:148,15
DA:149,15
DA:150,14
DA:151,14
DA:155,14
DA:157,14
DA:163,9
DA:168,49
DA:176,5
DA:177,5
DA:178,4
DA:179,4
DA:183,4
DA:185,5
DA:186,5
DA:195,4
DA:196,4
DA:197,2
DA:201,2
DA:202,4
DA:203,2
DA:204,0
DA:207,2
DA:215,3
DA:216,3
DA:217,3
DA:222,0
DA:227,50
DA:228,12
LF:65
LH:56
BRDA:89,0,0,1
BRDA:94,1,0,0
BRDA:113,2,0,13
BRDA:113,2,1,0
BRDA:127,3,0,0
BRDA:127,3,1,0
BRDA:149,4,0,14
BRDA:177,5,0,4
BRDA:196,6,0,2
BRDA:203,7,0,0
BRF:10
BRH:5
end_of_record
TN:
SF:src/integrations/builtin/echo.ts
FN:32,(anonymous_0)
FN:42,(anonymous_1)
FN:64,(anonymous_2)
FN:72,(anonymous_3)
FN:76,(anonymous_4)
FNF:5
FNH:5
FNDA:12,(anonymous_0)
FNDA:3,(anonymous_1)
FNDA:15,(anonymous_2)
FNDA:11,(anonymous_3)
FNDA:2,(anonymous_4)
DA:10,23
DA:11,23
DA:12,23
DA:14,23
DA:28,23
DA:29,23
DA:30,23
DA:34,12
DA:35,1
DA:36,1
DA:39,12
DA:40,12
DA:42,12
DA:43,3
DA:44,3
DA:54,3
DA:55,3
DA:56,3
DA:65,15
DA:66,11
DA:67,11
DA:69,15
DA:73,11
DA:77,2
LF:24
LH:24
BRDA:34,0,0,1
BRDA:39,1,0,12
BRDA:39,1,1,0
BRDA:54,2,0,3
BRDA:65,3,0,11
BRF:5
BRH:4
end_of_record
TN:
SF:src/integrations/builtin/email.ts
FN:71,(anonymous_0)
FN:123,(anonymous_1)
FN:124,(anonymous_2)
FN:134,(anonymous_3)
FN:167,(anonymous_4)
FN:185,(anonymous_5)
FN:189,(anonymous_6)
FN:199,(anonymous_7)
FN:214,(anonymous_8)
FN:244,(anonymous_9)
FN:263,(anonymous_10)
FN:292,(anonymous_11)
FN:314,(anonymous_12)
FN:315,(anonymous_13)
FN:344,(anonymous_14)
FNF:15
FNH:10
FNDA:9,(anonymous_0)
FNDA:0,(anonymous_1)
FNDA:0,(anonymous_2)
FNDA:4,(anonymous_3)
FNDA:15,(anonymous_4)
FNDA:2,(anonymous_5)
FNDA:3,(anonymous_6)
FNDA:23,(anonymous_7)
FNDA:8,(anonymous_8)
FNDA:4,(anonymous_9)
FNDA:0,(anonymous_10)
FNDA:3,(anonymous_11)
FNDA:0,(anonymous_12)
FNDA:0,(anonymous_13)
FNDA:7,(anonymous_14)
DA:18,49
DA:19,49
DA:20,49
DA:22,49
DA:62,49
DA:63,49
DA:64,49
DA:65,49
DA:66,49
DA:67,49
DA:68,49
DA:69,49
DA:72,9
DA:73,1
DA:76,9
DA:77,9
DA:78,32
DA:79,2
DA:83,7
DA:84,7
DA:85,7
DA:86,7
DA:89,7
DA:92,7
DA:93,7
DA:103,0
DA:104,0
DA:106,0
DA:110,7
DA:122,7
DA:123,7
DA:124,0
DA:130,7
DA:135,4
DA:136,1
DA:139,1
DA:140,1
DA:141,0
DA:142,0
DA:146,0
DA:147,0
DA:148,0
DA:149,0
DA:150,0
DA:151,0
DA:161,0
DA:168,15
DA:169,8
DA:170,8
DA:172,15
DA:173,1
DA:174,1
DA:176,15
DA:177,10
DA:178,10
DA:180,15
DA:181,15
DA:182,15
DA:186,2
DA:190,3
DA:191,2
DA:192,2
DA:200,23
DA:215,8
DA:216,2
DA:218,6
DA:219,6
DA:220,6
DA:221,6
DA:222,6
DA:223,6
DA:224,6
DA:225,5
DA:226,2
DA:228,1
DA:230,3
DA:245,4
DA:246,1
DA:248,3
DA:249,3
DA:250,3
DA:251,3
DA:254,1
DA:255,1
DA:256,0
DA:257,0
DA:261,0
DA:262,0
DA:263,0
DA:264,0
DA:265,0
DA:266,0
DA:267,0
DA:274,0
DA:276,2
DA:278,1
DA:293,3
DA:294,1
DA:296,2
DA:297,2
DA:298,2
DA:301,1
DA:302,1
DA:303,0
DA:304,0
DA:308,0
DA:309,0
DA:310,0
DA:312,0
DA:313,0
DA:314,0
DA:315,0
DA:316,0
DA:325,1
DA:327,1
DA:345,7
DA:346,1
DA:348,6
DA:349,6
DA:350,6
DA:351,6
DA:352,6
DA:353,6
DA:354,6
DA:355,4
DA:362,2
DA:364,2
DA:366,2
LF:128
LH:95
BRDA:72,0,0,1
BRDA:78,1,0,2
BRDA:84,2,0,7
BRDA:84,2,1,6
BRDA:85,3,0,7
BRDA:85,3,1,6
BRDA:86,4,0,7
BRDA:86,4,1,6
BRDA:103,5,0,0
BRDA:103,6,0,0
BRDA:103,6,1,0
BRDA:103,6,2,0
BRDA:103,6,3,0
BRDA:122,7,0,7
BRDA:135,8,0,3
BRDA:147,9,0,0
BRDA:147,9,1,0
BRDA:148,10,0,0
BRDA:150,11,0,0
BRDA:150,11,1,0
BRDA:155,12,0,0
BRDA:155,12,1,0
BRDA:156,13,0,0
BRDA:156,13,1,0
BRDA:168,14,0,8
BRDA:172,15,0,1
BRDA:176,16,0,10
BRDA:190,17,0,2
BRDA:215,18,0,2
BRDA:223,19,0,6
BRDA:223,19,1,0
BRDA:224,20,0,5
BRDA:225,21,0,1
BRDA:225,21,1,4
BRDA:230,22,0,1
BRDA:230,22,1,2
BRDA:245,23,0,1
BRDA:249,24,0,3
BRDA:249,24,1,2
BRDA:250,25,0,3
BRDA:250,25,1,1
BRDA:251,26,0,1
BRDA:266,27,0,0
BRDA:266,27,1,0
BRDA:269,28,0,0
BRDA:269,28,1,0
BRDA:270,29,0,0
BRDA:270,29,1,0
BRDA:271,30,0,0
BRDA:271,30,1,0
BRDA:278,31,0,0
BRDA:278,31,1,1
BRDA:293,32,0,1
BRDA:298,33,0,1
BRDA:309,34,0,0
BRDA:320,35,0,0
BRDA:320,35,1,0
BRDA:321,36,0,0
BRDA:321,36,1,0
BRDA:327,37,0,0
BRDA:327,37,1,1
BRDA:345,38,0,1
BRDA:351,39,0,6
BRDA:351,39,1,1
BRDA:352,40,0,6
BRDA:352,40,1,5
BRDA:353,41,0,6
BRDA:353,41,1,0
BRDA:354,42,0,4
BRDA:354,43,0,6
BRDA:354,43,1,5
BRDA:364,44,0,1
BRDA:364,44,1,1
BRDA:366,45,0,1
BRDA:366,45,1,1
BRF:75
BRH:44
end_of_record
TN:
SF:src/integrations/builtin/http-poll.ts
FN:48,(anonymous_0)
FN:67,(anonymous_1)
FN:68,(anonymous_2)
FN:74,(anonymous_3)
FN:84,(anonymous_4)
FN:88,(anonymous_5)
FN:99,(anonymous_6)
FN:156,(anonymous_7)
FN:165,(anonymous_8)
FNF:9
FNH:7
FNDA:7,(anonymous_0)
FNDA:0,(anonymous_1)
FNDA:0,(anonymous_2)
FNDA:11,(anonymous_3)
FNDA:3,(anonymous_4)
FNDA:2,(anonymous_5)
FNDA:10,(anonymous_6)
FNDA:4,(anonymous_7)
FNDA:3,(anonymous_8)
DA:10,19
DA:11,19
DA:12,19
DA:14,19
DA:42,19
DA:43,19
DA:44,19
DA:45,19
DA:46,19
DA:49,7
DA:50,0
DA:53,7
DA:54,1
DA:57,6
DA:58,6
DA:60,6
DA:61,6
DA:64,6
DA:67,6
DA:68,0
DA:75,11
DA:76,6
DA:77,6
DA:79,11
DA:80,11
DA:81,11
DA:85,3
DA:89,2
DA:90,2
DA:91,2
DA:100,10
DA:101,10
DA:102,0
DA:105,10
DA:106,10
DA:107,0
DA:108,0
DA:114,10
DA:116,10
DA:117,10
DA:118,9
DA:119,9
DA:121,9
DA:123,9
DA:124,1
DA:140,9
DA:141,9
DA:143,1
DA:152,1
DA:157,4
DA:166,3
DA:167,2
DA:169,1
DA:170,1
LF:54
LH:49
BRDA:49,0,0,0
BRDA:53,1,0,1
BRDA:60,2,0,6
BRDA:60,2,1,0
BRDA:75,3,0,6
BRDA:89,4,0,2
BRDA:101,5,0,0
BRDA:106,6,0,0
BRDA:114,7,0,10
BRDA:114,7,1,10
BRDA:121,8,0,9
BRDA:121,8,1,3
BRDA:123,9,0,1
BRDA:148,10,0,1
BRDA:148,10,1,0
BRDA:150,11,0,1
BRDA:150,11,1,0
BRDA:166,12,0,2
BRF:18
BRH:12
end_of_record
TN:
SF:src/integrations/builtin/slack.ts
FN:46,(anonymous_0)
FN:94,(anonymous_1)
FN:98,(anonymous_2)
FN:124,(anonymous_3)
FN:137,(anonymous_4)
FN:141,(anonymous_5)
FN:151,(anonymous_6)
FN:164,(anonymous_7)
FN:190,(anonymous_8)
FN:216,(anonymous_9)
FN:245,(anonymous_10)
FNF:11
FNH:9
FNDA:2,(anonymous_0)
FNDA:0,(anonymous_1)
FNDA:0,(anonymous_2)
FNDA:11,(anonymous_3)
FNDA:3,(anonymous_4)
FNDA:3,(anonymous_5)
FNDA:22,(anonymous_6)
FNDA:5,(anonymous_7)
FNDA:6,(anonymous_8)
FNDA:5,(anonymous_9)
FNDA:5,(anonymous_10)
DA:18,42
DA:19,42
DA:20,42
DA:22,42
DA:41,42
DA:42,42
DA:43,42
DA:44,42
DA:47,2
DA:48,0
DA:51,2
DA:52,2
DA:57,0
DA:59,0
DA:60,0
DA:63,0
DA:66,0
DA:67,0
DA:68,0
DA:70,0
DA:71,0
DA:73,0
DA:75,0
DA:78,0
DA:79,0
DA:89,0
DA:93,0
DA:94,0
DA:98,0
DA:99,0
DA:110,0
DA:114,0
DA:115,0
DA:117,0
DA:118,0
DA:121,0
DA:125,11
DA:126,2
DA:127,2
DA:131,2
DA:133,11
DA:134,11
DA:138,3
DA:142,3
DA:143,2
DA:144,2
DA:152,22
DA:165,5
DA:166,1
DA:168,4
DA:169,4
DA:170,4
DA:171,4
DA:172,3
DA:173,1
DA:175,1
DA:177,2
DA:191,6
DA:192,1
DA:194,5
DA:195,5
DA:196,4
DA:197,3
DA:199,1
DA:201,1
DA:217,5
DA:218,1
DA:220,4
DA:221,4
DA:222,4
DA:223,4
DA:224,3
DA:225,2
DA:227,1
DA:229,1
DA:246,5
DA:247,1
DA:249,4
DA:250,4
DA:251,4
DA:252,4
DA:253,4
DA:254,3
DA:255,1
DA:257,1
DA:259,2
LF:86
LH:61
BRDA:47,0,0,0
BRDA:51,1,0,2
BRDA:51,2,0,2
BRDA:51,2,1,0
BRDA:71,3,0,0
BRDA:71,4,0,0
BRDA:71,4,1,0
BRDA:71,4,2,0
BRDA:71,4,3,0
BRDA:93,5,0,0
BRDA:104,6,0,0
BRDA:104,6,1,0
BRDA:114,7,0,0
BRDA:125,8,0,2
BRDA:142,9,0,2
BRDA:165,10,0,1
BRDA:171,11,0,3
BRDA:177,12,0,1
BRDA:177,12,1,1
BRDA:191,13,0,1
BRDA:195,14,0,4
BRDA:196,15,0,4
BRDA:196,15,1,3
BRDA:197,16,0,3
BRDA:197,16,1,1
BRDA:201,17,0,1
BRDA:201,17,1,0
BRDA:217,18,0,1
BRDA:223,19,0,3
BRDA:225,20,0,2
BRDA:225,20,1,1
BRDA:229,21,0,1
BRDA:229,21,1,0
BRDA:246,22,0,1
BRDA:253,23,0,3
BRDA:259,24,0,1
BRDA:259,24,1,1
BRF:37
BRH:24
end_of_record
TN:
SF:src/integrations/builtin/webhook.ts
FN:28,(anonymous_0)
FN:33,(anonymous_1)
FN:37,(anonymous_2)
FN:45,(anonymous_3)
FN:71,(anonymous_4)
FN:75,(anonymous_5)
FNF:6
FNH:5
FNDA:7,(anonymous_0)
FNDA:15,(anonymous_1)
FNDA:7,(anonymous_2)
FNDA:4,(anonymous_3)
FNDA:0,(anonymous_4)
FNDA:3,(anonymous_5)
DA:10,23
DA:11,23
DA:12,23
DA:14,23
DA:25,23
DA:26,23
DA:30,7
DA:38,7
DA:46,4
DA:56,4
DA:57,2
DA:58,2
DA:64,4
DA:72,0
DA:76,3
LF:15
LH:14
BRDA:30,0,0,7
BRDA:30,0,1,1
BRDA:49,1,0,4
BRDA:49,1,1,3
BRDA:50,2,0,4
BRDA:50,2,1,2
BRDA:51,3,0,4
BRDA:51,3,1,2
BRDA:51,3,2,1
BRDA:56,4,0,2
BRDA:72,5,0,0
BRDA:72,5,1,0
BRF:12
BRH:10
end_of_record
TN:
SF:src/integrations/builtin/x-twitter.ts
FN:56,(anonymous_0)
FN:94,(anonymous_1)
FN:103,(anonymous_2)
FN:108,(anonymous_3)
FN:118,(anonymous_4)
FN:130,(anonymous_5)
FN:157,(anonymous_6)
FN:184,(anonymous_7)
FN:212,(anonymous_8)
FN:241,(anonymous_9)
FNF:10
FNH:10
FNDA:9,(anonymous_0)
FNDA:16,(anonymous_1)
FNDA:3,(anonymous_2)
FNDA:3,(anonymous_3)
FNDA:32,(anonymous_4)
FNDA:6,(anonymous_5)
FNDA:5,(anonymous_6)
FNDA:6,(anonymous_7)
FNDA:6,(anonymous_8)
FNDA:7,(anonymous_9)
DA:16,54
DA:17,54
DA:18,54
DA:20,54
DA:51,54
DA:52,54
DA:53,54
DA:54,54
DA:58,9
DA:59,2
DA:63,9
DA:64,9
DA:65,31
DA:66,2
DA:71,7
DA:74,7
DA:75,7
DA:82,0
DA:83,0
DA:85,0
DA:88,0
DA:91,7
DA:95,16
DA:96,1
DA:97,1
DA:99,16
DA:100,16
DA:104,3
DA:109,3
DA:110,2
DA:111,2
DA:119,32
DA:131,6
DA:132,6
DA:133,1
DA:135,5
DA:136,5
DA:137,4
DA:138,1
DA:140,1
DA:142,3
DA:158,5
DA:159,1
DA:161,4
DA:162,4
DA:163,4
DA:164,4
DA:165,3
DA:166,1
DA:168,1
DA:170,2
DA:185,6
DA:186,1
DA:188,5
DA:189,5
DA:190,5
DA:191,4
DA:192,2
DA:193,2
DA:194,1
DA:196,1
DA:198,3
DA:213,6
DA:214,1
DA:216,5
DA:217,5
DA:218,5
DA:219,4
DA:220,3
DA:221,3
DA:222,1
DA:224,1
DA:226,3
DA:242,7
DA:243,1
DA:245,6
DA:246,6
DA:247,6
DA:248,6
DA:249,5
DA:250,3
DA:251,3
DA:253,1
DA:255,2
LF:84
LH:80
BRDA:58,0,0,2
BRDA:65,1,0,2
BRDA:83,2,0,0
BRDA:83,3,0,0
BRDA:83,3,1,0
BRDA:83,3,2,0
BRDA:83,3,3,0
BRDA:95,4,0,1
BRDA:109,5,0,2
BRDA:132,6,0,1
BRDA:136,7,0,4
BRDA:142,8,0,2
BRDA:142,8,1,1
BRDA:158,9,0,1
BRDA:164,10,0,3
BRDA:170,11,0,1
BRDA:170,11,1,1
BRDA:185,12,0,1
BRDA:190,13,0,4
BRDA:198,14,0,2
BRDA:198,14,1,1
BRDA:213,15,0,1
BRDA:218,16,0,4
BRDA:226,17,0,2
BRDA:226,17,1,1
BRDA:242,18,0,1
BRDA:247,19,0,6
BRDA:247,19,1,5
BRDA:248,20,0,5
BRDA:250,21,0,3
BRDA:250,21,1,1
BRDA:255,22,0,1
BRDA:255,22,1,1
BRF:33
BRH:28
end_of_record
TN:
SF:src/server/mcp-hub.ts
FN:51,(anonymous_0)
FN:56,(anonymous_1)
FN:61,(anonymous_2)
FN:66,(anonymous_3)
FN:71,(anonymous_4)
FN:76,(anonymous_5)
FN:81,(anonymous_6)
FN:88,(anonymous_7)
FN:101,(anonymous_8)
FN:114,(anonymous_9)
FN:127,(anonymous_10)
FN:132,(anonymous_11)
FN:140,(anonymous_12)
FN:149,(anonymous_13)
FN:181,(anonymous_14)
FN:182,(anonymous_15)
FN:192,(anonymous_16)
FN:235,(anonymous_17)
FN:251,(anonymous_18)
FN:258,(anonymous_19)
FN:268,(anonymous_20)
FN:290,(anonymous_21)
FN:309,(anonymous_22)
FN:326,(anonymous_23)
FN:343,(anonymous_24)
FN:362,(anonymous_25)
FN:379,(anonymous_26)
FN:396,(anonymous_27)
FN:413,(anonymous_28)
FN:433,(anonymous_29)
FN:454,(anonymous_30)
FN:472,(anonymous_31)
FN:491,(anonymous_32)
FN:506,(anonymous_33)
FN:520,(anonymous_34)
FN:526,(anonymous_35)
FN:538,(anonymous_36)
FN:547,(anonymous_37)
FN:557,(anonymous_38)
FN:576,(anonymous_39)
FN:593,(anonymous_40)
FN:617,(anonymous_41)
FN:644,(anonymous_42)
FN:663,(anonymous_43)
FN:682,(anonymous_44)
FN:687,(anonymous_45)
FNF:46
FNH:35
FNDA:18,(anonymous_0)
FNDA:18,(anonymous_1)
FNDA:18,(anonymous_2)
FNDA:18,(anonymous_3)
FNDA:18,(anonymous_4)
FNDA:18,(anonymous_5)
FNDA:0,(anonymous_6)
FNDA:4,(anonymous_7)
FNDA:0,(anonymous_8)
FNDA:4,(anonymous_9)
FNDA:2,(anonymous_10)
FNDA:39,(anonymous_11)
FNDA:104,(anonymous_12)
FNDA:0,(anonymous_13)
FNDA:34,(anonymous_14)
FNDA:34,(anonymous_15)
FNDA:34,(anonymous_16)
FNDA:34,(anonymous_17)
FNDA:34,(anonymous_18)
FNDA:2,(anonymous_19)
FNDA:0,(anonymous_20)
FNDA:2,(anonymous_21)
FNDA:2,(anonymous_22)
FNDA:2,(anonymous_23)
FNDA:2,(anonymous_24)
FNDA:3,(anonymous_25)
FNDA:3,(anonymous_26)
FNDA:2,(anonymous_27)
FNDA:2,(anonymous_28)
FNDA:1,(anonymous_29)
FNDA:2,(anonymous_30)
FNDA:3,(anonymous_31)
FNDA:3,(anonymous_32)
FNDA:0,(anonymous_33)
FNDA:34,(anonymous_34)
FNDA:1,(anonymous_35)
FNDA:0,(anonymous_36)
FNDA:0,(anonymous_37)
FNDA:1,(anonymous_38)
FNDA:0,(anonymous_39)
FNDA:0,(anonymous_40)
FNDA:0,(anonymous_41)
FNDA:3,(anonymous_42)
FNDA:0,(anonymous_43)
FNDA:30,(anonymous_44)
FNDA:51,(anonymous_45)
DA:31,80
DA:33,80
DA:34,80
DA:35,80
DA:36,80
DA:37,80
DA:38,80
DA:39,80
DA:40,80
DA:41,80
DA:48,80
DA:52,18
DA:57,18
DA:62,18
DA:67,18
DA:72,18
DA:77,18
DA:82,0
DA:94,4
DA:96,4
DA:97,1
DA:98,1
DA:101,0
DA:103,1
DA:115,4
DA:117,4
DA:118,2
DA:119,2
DA:120,2
DA:121,2
DA:128,2
DA:133,39
DA:134,39
DA:140,39
DA:141,104
DA:146,104
DA:147,104
DA:148,104
DA:150,0
DA:152,0
DA:153,0
DA:154,0
DA:155,0
DA:156,0
DA:159,0
DA:160,0
DA:162,0
DA:163,0
DA:165,0
DA:166,0
DA:170,104
DA:173,104
DA:174,68
DA:175,36
DA:177,34
DA:178,34
DA:179,34
DA:180,34
DA:181,34
DA:183,34
DA:186,34
DA:187,0
DA:192,34
DA:193,34
DA:194,34
DA:195,34
DA:197,34
DA:198,0
DA:203,34
DA:205,2
DA:213,2
DA:216,102
DA:218,0
DA:219,0
DA:231,39
DA:236,34
DA:242,34
DA:245,34
DA:247,34
DA:253,34
DA:259,2
DA:260,1
DA:261,1
DA:266,1
DA:267,1
DA:268,0
DA:269,1
DA:285,34
DA:291,2
DA:292,1
DA:293,1
DA:295,1
DA:300,34
DA:310,2
DA:311,1
DA:313,1
DA:314,1
DA:318,34
DA:327,2
DA:328,1
DA:330,1
DA:331,1
DA:335,34
DA:344,2
DA:345,1
DA:347,1
DA:348,1
DA:353,34
DA:363,3
DA:364,1
DA:366,2
DA:367,2
DA:371,34
DA:380,3
DA:381,1
DA:383,2
DA:384,2
DA:385,1
DA:387,1
DA:391,34
DA:397,2
DA:398,1
DA:400,1
DA:401,1
DA:405,34
DA:414,2
DA:415,1
DA:417,1
DA:418,1
DA:423,34
DA:434,1
DA:435,1
DA:437,0
DA:438,0
DA:439,0
DA:441,0
DA:446,34
DA:455,2
DA:456,1
DA:458,1
DA:459,1
DA:460,1
DA:462,0
DA:467,34
DA:473,3
DA:474,1
DA:476,2
DA:477,2
DA:482,34
DA:492,3
DA:493,1
DA:495,2
DA:496,2
DA:501,34
DA:502,1
DA:503,1
DA:506,0
DA:510,1
DA:511,1
DA:521,34
DA:522,1
DA:526,1
DA:527,1
DA:528,1
DA:529,1
DA:530,1
DA:539,0
DA:540,0
DA:562,1
DA:563,1
DA:564,1
DA:565,1
DA:566,1
DA:567,1
DA:568,1
DA:577,0
DA:578,0
DA:581,1
DA:589,1
DA:594,0
DA:595,0
DA:597,0
DA:598,0
DA:599,0
DA:602,0
DA:603,0
DA:604,0
DA:605,0
DA:609,0
DA:618,0
DA:619,0
DA:621,0
DA:622,0
DA:623,0
DA:625,0
DA:626,0
DA:627,0
DA:628,0
DA:633,0
DA:634,0
DA:635,0
DA:636,0
DA:640,0
DA:645,3
DA:646,3
DA:648,0
DA:649,0
DA:650,0
DA:651,0
DA:652,0
DA:654,0
DA:657,0
DA:658,0
DA:664,0
DA:665,0
DA:667,0
DA:668,0
DA:669,0
DA:670,0
DA:671,0
DA:673,0
DA:676,0
DA:677,0
DA:683,30
DA:689,51
DA:690,34
DA:691,34
DA:696,51
DA:699,51
DA:700,6
DA:701,6
DA:706,51
LF:232
LH:161
BRDA:119,0,0,2
BRDA:146,1,0,104
BRDA:146,1,1,0
BRDA:147,2,0,104
BRDA:147,2,1,104
BRDA:148,3,0,104
BRDA:148,3,1,0
BRDA:150,4,0,0
BRDA:155,5,0,0
BRDA:162,6,0,0
BRDA:166,7,0,0
BRDA:166,7,1,0
BRDA:173,8,0,68
BRDA:173,8,1,36
BRDA:173,9,0,104
BRDA:173,9,1,68
BRDA:175,10,0,34
BRDA:175,10,1,2
BRDA:175,11,0,36
BRDA:175,11,1,36
BRDA:175,11,2,36
BRDA:186,12,0,0
BRDA:194,13,0,34
BRDA:197,14,0,0
BRDA:218,15,0,0
BRDA:259,16,0,1
BRDA:291,17,0,1
BRDA:310,18,0,1
BRDA:313,19,0,1
BRDA:313,19,1,0
BRDA:327,20,0,1
BRDA:344,21,0,1
BRDA:363,22,0,1
BRDA:380,23,0,1
BRDA:384,24,0,1
BRDA:397,25,0,1
BRDA:414,26,0,1
BRDA:434,27,0,1
BRDA:438,28,0,0
BRDA:438,28,1,0
BRDA:441,29,0,0
BRDA:441,29,1,0
BRDA:455,30,0,1
BRDA:462,31,0,0
BRDA:462,31,1,0
BRDA:473,32,0,1
BRDA:492,33,0,1
BRDA:495,34,0,2
BRDA:495,34,1,1
BRDA:510,35,0,1
BRDA:522,36,0,0
BRDA:533,37,0,1
BRDA:533,37,1,0
BRDA:571,38,0,1
BRDA:571,38,1,0
BRDA:593,39,0,0
BRDA:594,40,0,0
BRDA:604,41,0,0
BRDA:617,42,0,0
BRDA:618,43,0,0
BRDA:635,44,0,0
BRDA:646,45,0,0
BRDA:650,46,0,0
BRDA:665,47,0,0
BRDA:669,48,0,0
BRF:65
BRH:35
end_of_record
TN:
SF:src/server/proxy.ts
FN:50,(anonymous_0)
FN:59,(anonymous_1)
FN:64,(anonymous_2)
FN:72,(anonymous_3)
FN:76,(anonymous_4)
FN:80,(anonymous_5)
FN:89,(anonymous_6)
FN:128,(anonymous_7)
FN:133,(anonymous_8)
FN:141,(anonymous_9)
FN:153,(anonymous_10)
FN:154,(anonymous_11)
FN:163,(anonymous_12)
FN:174,(anonymous_13)
FN:184,(anonymous_14)
FN:193,(anonymous_15)
FN:211,(anonymous_16)
FN:223,(anonymous_17)
FN:232,(anonymous_18)
FN:236,(anonymous_19)
FN:238,(anonymous_20)
FN:246,(anonymous_21)
FNF:22
FNH:15
FNDA:16,(anonymous_0)
FNDA:8,(anonymous_1)
FNDA:3,(anonymous_2)
FNDA:1,(anonymous_3)
FNDA:0,(anonymous_4)
FNDA:1,(anonymous_5)
FNDA:1,(anonymous_6)
FNDA:3,(anonymous_7)
FNDA:0,(anonymous_8)
FNDA:1,(anonymous_9)
FNDA:3,(anonymous_10)
FNDA:3,(anonymous_11)
FNDA:0,(anonymous_12)
FNDA:0,(anonymous_13)
FNDA:3,(anonymous_14)
FNDA:1,(anonymous_15)
FNDA:0,(anonymous_16)
FNDA:11,(anonymous_17)
FNDA:3,(anonymous_18)
FNDA:0,(anonymous_19)
FNDA:0,(anonymous_20)
FNDA:9,(anonymous_21)
DA:35,16
DA:36,16
DA:41,16
DA:42,16
DA:43,16
DA:44,16
DA:45,16
DA:46,16
DA:47,16
DA:48,16
DA:51,16
DA:52,16
DA:53,16
DA:54,16
DA:55,16
DA:60,8
DA:65,3
DA:67,2
DA:68,2
DA:72,2
DA:73,1
DA:76,2
DA:77,0
DA:80,2
DA:81,1
DA:82,1
DA:83,1
DA:84,1
DA:85,1
DA:89,2
DA:90,1
DA:91,1
DA:92,1
DA:93,1
DA:94,1
DA:99,2
DA:105,0
DA:106,0
DA:110,0
DA:113,0
DA:115,0
DA:116,0
DA:117,0
DA:119,2
DA:120,2
DA:121,1
DA:122,1
DA:129,3
DA:134,0
DA:135,0
DA:136,0
DA:142,1
DA:146,0
DA:147,0
DA:149,0
DA:154,3
DA:155,3
DA:156,3
DA:163,3
DA:164,0
DA:165,0
DA:168,3
DA:169,3
DA:175,0
DA:180,0
DA:185,3
DA:186,1
DA:188,2
DA:189,2
DA:194,1
DA:195,1
DA:196,1
DA:198,1
DA:199,1
DA:200,1
DA:201,1
DA:202,1
DA:203,0
DA:212,0
DA:213,0
DA:214,0
DA:215,0
DA:216,0
DA:217,0
DA:224,11
DA:225,4
DA:226,4
DA:228,11
DA:233,3
DA:234,3
DA:235,3
DA:236,3
DA:237,0
DA:238,0
DA:247,9
DA:248,9
DA:250,9
DA:251,3
DA:252,3
DA:255,9
DA:257,9
DA:258,2
DA:259,2
LF:103
LH:76
BRDA:50,0,0,0
BRDA:65,1,0,1
BRDA:84,2,0,1
BRDA:93,3,0,1
BRDA:105,4,0,0
BRDA:121,5,0,1
BRDA:135,6,0,0
BRDA:135,7,0,0
BRDA:135,7,1,0
BRDA:135,7,2,0
BRDA:146,8,0,0
BRDA:185,9,0,1
BRDA:196,10,0,1
BRDA:196,10,1,0
BRDA:200,11,0,0
BRDA:212,12,0,0
BRDA:212,13,0,0
BRDA:212,13,1,0
BRDA:214,14,0,0
BRDA:233,15,0,0
BRDA:237,16,0,0
BRDA:250,17,0,3
BRDA:257,18,0,2
BRF:23
BRH:8
end_of_record
TN:
SF:src/tools/help-tools.ts
FN:12,(anonymous_0)
FN:18,(anonymous_1)
FNF:2
FNH:2
FNDA:28,(anonymous_0)
FNDA:11,(anonymous_1)
DA:13,28
DA:14,28
DA:19,11
DA:20,11
DA:21,11
DA:24,11
DA:25,11
DA:26,11
DA:27,11
DA:28,11
DA:29,11
DA:30,11
DA:32,11
DA:33,11
DA:34,11
DA:35,11
DA:36,11
DA:37,11
DA:39,11
DA:40,11
DA:41,11
DA:42,11
DA:43,11
DA:45,11
DA:46,11
DA:47,11
DA:48,11
DA:51,11
DA:52,11
DA:53,3
DA:54,3
DA:55,3
DA:56,2
DA:57,2
DA:58,1
DA:59,1
DA:60,1
DA:61,2
DA:63,1
DA:66,1
DA:67,1
DA:73,11
DA:74,11
DA:75,11
DA:76,1
DA:77,1
DA:78,1
DA:81,11
DA:82,1
DA:83,1
DA:84,1
DA:87,11
LF:52
LH:52
BRDA:52,0,0,3
BRDA:55,1,0,1
BRDA:58,2,0,1
BRDA:61,3,0,2
BRDA:61,3,1,0
BRDA:81,4,0,1
BRF:6
BRH:5
end_of_record
TN:
SF:src/tools/mcp-management-tools.ts
FN:20,(anonymous_0)
FN:26,(anonymous_1)
FN:43,(anonymous_2)
FN:50,(anonymous_3)
FNF:4
FNH:4
FNDA:25,(anonymous_0)
FNDA:2,(anonymous_1)
FNDA:3,(anonymous_2)
FNDA:4,(anonymous_3)
DA:21,25
DA:22,25
DA:31,2
DA:32,2
DA:33,2
DA:34,2
DA:35,1
DA:37,1
DA:38,1
DA:44,3
DA:45,3
DA:46,3
DA:51,4
DA:52,4
DA:53,4
DA:54,1
DA:60,4
LF:17
LH:17
BRDA:26,0,0,0
BRF:1
BRH:0
end_of_record
TN:
SF:src/tools/memory-tools.ts
FN:18,(anonymous_0)
FN:23,(anonymous_1)
FN:34,(anonymous_2)
FN:42,(anonymous_3)
FN:49,(anonymous_4)
FNF:5
FNH:5
FNDA:28,(anonymous_0)
FNDA:13,(anonymous_1)
FNDA:8,(anonymous_2)
FNDA:3,(anonymous_3)
FNDA:3,(anonymous_4)
DA:19,28
DA:24,13
DA:25,13
DA:30,13
DA:35,8
DA:38,8
DA:43,3
DA:50,3
DA:53,3
LF:9
LH:9
BRDA:38,0,0,8
BRDA:38,0,1,3
BRF:2
BRH:2
end_of_record
TN:
SF:src/tools/platform-tools.ts
FN:18,(anonymous_0)
FN:23,(anonymous_1)
FN:30,(anonymous_2)
FN:39,(anonymous_3)
FN:48,(anonymous_4)
FN:60,(anonymous_5)
FN:72,(anonymous_6)
FN:93,(anonymous_7)
FN:110,(anonymous_8)
FN:136,(anonymous_9)
FN:147,(anonymous_10)
FNF:11
FNH:9
FNDA:12,(anonymous_0)
FNDA:9,(anonymous_1)
FNDA:9,(anonymous_2)
FNDA:1,(anonymous_3)
FNDA:3,(anonymous_4)
FNDA:9,(anonymous_5)
FNDA:0,(anonymous_6)
FNDA:4,(anonymous_7)
FNDA:0,(anonymous_8)
FNDA:4,(anonymous_9)
FNDA:10,(anonymous_10)
DA:12,12
DA:14,12
DA:16,12
DA:19,12
DA:24,9
DA:26,9
DA:31,9
DA:40,1
DA:41,1
DA:49,3
DA:50,3
DA:51,1
DA:52,1
DA:61,9
DA:62,5
DA:63,5
DA:64,3
DA:65,3
DA:66,3
DA:73,0
DA:74,0
DA:94,4
DA:95,4
DA:97,3
DA:98,3
DA:100,3
DA:101,3
DA:102,3
DA:103,3
DA:104,3
DA:111,0
DA:112,0
DA:120,3
DA:127,3
DA:128,2
DA:137,4
DA:138,4
DA:139,2
DA:140,3
DA:142,2
DA:148,10
DA:149,10
DA:150,2
DA:152,10
LF:44
LH:40
BRDA:50,0,0,1
BRDA:77,1,0,0
BRDA:77,1,1,0
BRDA:95,2,0,1
BRDA:115,3,0,0
BRDA:115,3,1,0
BRDA:127,4,0,2
BRDA:138,5,0,2
BRF:8
BRH:4
end_of_record
TN:
SF:src/tools/search-tools.ts
FN:11,(anonymous_0)
FN:16,(anonymous_1)
FNF:2
FNH:2
FNDA:23,(anonymous_0)
FNDA:7,(anonymous_1)
DA:12,23
DA:17,7
LF:2
LH:2
BRDA:16,0,0,4
BRF:1
BRH:1
end_of_record
TN:
SF:src/tools/status-tools.ts
FN:30,(anonymous_0)
FN:45,(anonymous_1)
FNF:2
FNH:2
FNDA:28,(anonymous_0)
FNDA:11,(anonymous_1)
DA:37,28
DA:38,28
DA:39,28
DA:40,28
DA:41,28
DA:46,11
DA:48,11
DA:49,11
DA:50,1
DA:58,11
DA:59,11
DA:60,1
DA:67,11
LF:13
LH:13
BRF:0
BRH:0
end_of_record
TN:
SF:src/utils/config-validator.ts
FN:19,validateIntegrationConfig
FN:31,(anonymous_1)
FNF:2
FNH:2
FNDA:9,validateIntegrationConfig
FNDA:2,(anonymous_1)
DA:8,4
DA:23,9
DA:24,9
DA:26,9
DA:27,7
DA:30,2
DA:31,2
DA:34,2
LF:8
LH:8
BRDA:26,0,0,7
BRDA:30,1,0,2
BRDA:30,1,1,0
BRDA:31,2,0,2
BRDA:31,2,1,1
BRDA:31,3,0,2
BRDA:31,3,1,0
BRF:7
BRH:5
end_of_record
